02.29.2016 10:17:44.793,[1] SeLion-1.0.0 INFO Runtime Report : /Users/bbheemanadham/ap_api/python/andriodTest/test-output/RuntimeReporter/index.html
02.29.2016 10:17:44.876,[1] SeLion-1.0.0 INFO JDK Information: Java HotSpot(TM) 64-Bit Server VM from Oracle Corporation ver. 1.8.0_65
02.29.2016 10:31:55.879,[1] SeLion-1.0.0 INFO Runtime Report : /Users/bbheemanadham/ap_api/python/andriodTest/test-output/RuntimeReporter/index.html
02.29.2016 10:31:55.958,[1] SeLion-1.0.0 INFO JDK Information: Java HotSpot(TM) 64-Bit Server VM from Oracle Corporation ver. 1.8.0_65
02.29.2016 10:31:56.111,[1] SeLion-1.0.0 FINE Spawning a mobile with the following capabilitiesgit: aut:io.selendroid.testapp,acceptSslCerts:true,platformVersion:19,name:andriodTest.AndroidMobileDemo:testMethod(),browserName:android,mobileNodeType:selendroid,javascriptEnabled:true,locale:en_US,version:,platform:ANDROID,unexpectedAlertBehaviour:ignore,
02.29.2016 10:36:09.576,[1] SeLion-1.0.0 INFO Runtime Report : /Users/bbheemanadham/ap_api/python/andriodTest/test-output/RuntimeReporter/index.html
02.29.2016 10:36:09.646,[1] SeLion-1.0.0 INFO JDK Information: Java HotSpot(TM) 64-Bit Server VM from Oracle Corporation ver. 1.8.0_65
02.29.2016 10:36:09.657,[1] SeLion-1.0.0 FINE Parallel suite execution. Updating SeLion local config for Test, SampleTest
02.29.2016 10:36:09.754,[12] SeLion-1.0.0 INFO Setting up SeLion Grid for first time use...
02.29.2016 10:36:09.758,[12] SeLion-1.0.0 FINE File copied to /Users/bbheemanadham/.selion/config/download.json
02.29.2016 10:36:09.759,[12] SeLion-1.0.0 FINE File copied to /Users/bbheemanadham/.selion/config/SeLionConfig.json
02.29.2016 10:36:09.760,[12] SeLion-1.0.0 FINE Config file will be loaded as a resource.
02.29.2016 10:36:09.768,[13] SeLion-1.0.0 INFO This instance is considered a SeLion Grid Hub
02.29.2016 10:36:09.769,[13] SeLion-1.0.0 FINE File copied to /Users/bbheemanadham/.selion/config/hubConfig.json
02.29.2016 10:36:09.770,[13] SeLion-1.0.0 FINE Invoking SeLionGridLauncher with arguments: [-role, hub, -port, 4444, -host, 127.0.0.1, -hubConfig, /Users/bbheemanadham/.selion/config/hubConfig.json, -selionConfig, /Users/bbheemanadham/.selion/config/SeLionConfig.json]
02.29.2016 10:36:09.779,[13] SeLion-1.0.0 FINE Environment Variables: [{PATH=/usr/bin:/bin:/usr/sbin:/sbin, JAVA_MAIN_CLASS_17579=org.testng.remote.RemoteTestNG, SHELL=/bin/sh, APP_ICON_16482=../Resources/Eclipse.icns, APP_ICON_17488=../Resources/Eclipse.icns, USER=bbheemanadham, TMPDIR=/var/folders/tl/dr21lyxn35j9l_zn6k87_8cr38x977/T/, SSH_AUTH_SOCK=/private/tmp/com.apple.launchd.IYg1pBH1Pp/Listeners, JAVA_STARTED_ON_FIRST_THREAD_17488=1, XPC_FLAGS=0x0, JAVA_STARTED_ON_FIRST_THREAD_16482=1, __CF_USER_TEXT_ENCODING=0x68EA4E7:0x0:0x0, Apple_PubSub_Socket_Render=/private/tmp/com.apple.launchd.gaTR0GeZEu/Render, LOGNAME=bbheemanadham, XPC_SERVICE_NAME=0, HOME=/Users/bbheemanadham}]
02.29.2016 10:36:09.779,[13] SeLion-1.0.0 FINE JVM System Properties: [{java.runtime.name=Java(TM) SE Runtime Environment, sun.boot.library.path=/Library/Java/JavaVirtualMachines/jdk1.8.0_65.jdk/Contents/Home/jre/lib, java.vm.version=25.65-b01, gopherProxySet=false, java.vm.vendor=Oracle Corporation, java.vendor.url=http://java.oracle.com/, path.separator=:, java.vm.name=Java HotSpot(TM) 64-Bit Server VM, file.encoding.pkg=sun.io, user.country=US, sun.java.launcher=SUN_STANDARD, sun.os.patch.level=unknown, java.vm.specification.name=Java Virtual Machine Specification, user.dir=/Users/bbheemanadham/ap_api/python/andriodTest, java.runtime.version=1.8.0_65-b17, java.awt.graphicsenv=sun.awt.CGraphicsEnvironment, java.endorsed.dirs=/Library/Java/JavaVirtualMachines/jdk1.8.0_65.jdk/Contents/Home/jre/lib/endorsed, os.arch=x86_64, java.io.tmpdir=/var/folders/tl/dr21lyxn35j9l_zn6k87_8cr38x977/T/, line.separator=
, java.vm.specification.vendor=Oracle Corporation, os.name=Mac OS X, sun.jnu.encoding=UTF-8, java.library.path=/Users/bbheemanadham/Library/Java/Extensions:/Library/Java/Extensions:/Network/Library/Java/Extensions:/System/Library/Java/Extensions:/usr/lib/java:., java.specification.name=Java Platform API Specification, java.class.version=52.0, sun.management.compiler=HotSpot 64-Bit Tiered Compilers, os.version=10.11.3, user.home=/Users/bbheemanadham, user.timezone=America/Chicago, java.awt.printerjob=sun.lwawt.macosx.CPrinterJob, file.encoding=UTF-8, java.specification.version=1.8, java.class.path=/Users/bbheemanadham/ap_api/python/andriodTest/target/test-classes:/Users/bbheemanadham/ap_api/python/andriodTest/target/classes:/Users/bbheemanadham/.m2/maven.repo/com/paypal/selion/SeLion/1.0.0/SeLion-1.0.0.jar:/Users/bbheemanadham/.m2/maven.repo/com/paypal/selion/SeLion-Common/1.0.0/SeLion-Common-1.0.0.jar:/Users/bbheemanadham/.m2/maven.repo/commons-configuration/commons-configuration/1.10/commons-configuration-1.10.jar:/Users/bbheemanadham/.m2/maven.repo/commons-io/commons-io/2.4/commons-io-2.4.jar:/Users/bbheemanadham/.m2/maven.repo/com/google/guava/guava/18.0/guava-18.0.jar:/Users/bbheemanadham/.m2/maven.repo/com/paypal/selion/SeLion-DataProviders/1.0.0/SeLion-DataProviders-1.0.0.jar:/Users/bbheemanadham/.m2/maven.repo/org/apache/commons/commons-lang3/3.4/commons-lang3-3.4.jar:/Users/bbheemanadham/.m2/maven.repo/org/apache/poi/poi-ooxml/3.6/poi-ooxml-3.6.jar:/Users/bbheemanadham/.m2/maven.repo/org/apache/poi/poi-ooxml-schemas/3.6/poi-ooxml-schemas-3.6.jar:/Users/bbheemanadham/.m2/maven.repo/org/apache/xmlbeans/xmlbeans/2.3.0/xmlbeans-2.3.0.jar:/Users/bbheemanadham/.m2/maven.repo/stax/stax-api/1.0.1/stax-api-1.0.1.jar:/Users/bbheemanadham/.m2/maven.repo/org/apache/geronimo/specs/geronimo-stax-api_1.0_spec/1.0/geronimo-stax-api_1.0_spec-1.0.jar:/Users/bbheemanadham/.m2/maven.repo/org/apache/poi/poi/3.6/poi-3.6.jar:/Users/bbheemanadham/.m2/maven.repo/log4j/log4j/1.2.13/log4j-1.2.13.jar:/Users/bbheemanadham/.m2/maven.repo/com/google/code/gson/gson/2.3.1/gson-2.3.1.jar:/Users/bbheemanadham/.m2/maven.repo/commons-jxpath/commons-jxpath/1.3/commons-jxpath-1.3.jar:/Users/bbheemanadham/.m2/maven.repo/xml-apis/xml-apis/1.4.01/xml-apis-1.4.01.jar:/Users/bbheemanadham/.m2/maven.repo/dom4j/dom4j/1.6.1/dom4j-1.6.1.jar:/Users/bbheemanadham/.m2/maven.repo/jaxen/jaxen/1.1.6/jaxen-1.1.6.jar:/Users/bbheemanadham/.m2/maven.repo/org/seleniumhq/selenium/selenium-api/2.48.2/selenium-api-2.48.2.jar:/Users/bbheemanadham/.m2/maven.repo/org/seleniumhq/selenium/selenium-java/2.48.2/selenium-java-2.48.2.jar:/Users/bbheemanadham/.m2/maven.repo/org/seleniumhq/selenium/selenium-chrome-driver/2.48.2/selenium-chrome-driver-2.48.2.jar:/Users/bbheemanadham/.m2/maven.repo/org/seleniumhq/selenium/selenium-remote-driver/2.48.2/selenium-remote-driver-2.48.2.jar:/Users/bbheemanadham/.m2/maven.repo/cglib/cglib-nodep/2.1_3/cglib-nodep-2.1_3.jar:/Users/bbheemanadham/.m2/maven.repo/org/seleniumhq/selenium/selenium-edge-driver/2.48.2/selenium-edge-driver-2.48.2.jar:/Users/bbheemanadham/.m2/maven.repo/org/seleniumhq/selenium/selenium-htmlunit-driver/2.48.2/selenium-htmlunit-driver-2.48.2.jar:/Users/bbheemanadham/.m2/maven.repo/org/seleniumhq/selenium/selenium-firefox-driver/2.48.2/selenium-firefox-driver-2.48.2.jar:/Users/bbheemanadham/.m2/maven.repo/org/seleniumhq/selenium/selenium-ie-driver/2.48.2/selenium-ie-driver-2.48.2.jar:/Users/bbheemanadham/.m2/maven.repo/net/java/dev/jna/jna/4.1.0/jna-4.1.0.jar:/Users/bbheemanadham/.m2/maven.repo/net/java/dev/jna/jna-platform/4.1.0/jna-platform-4.1.0.jar:/Users/bbheemanadham/.m2/maven.repo/org/seleniumhq/selenium/selenium-safari-driver/2.48.2/selenium-safari-driver-2.48.2.jar:/Users/bbheemanadham/.m2/maven.repo/org/seleniumhq/selenium/selenium-support/2.48.2/selenium-support-2.48.2.jar:/Users/bbheemanadham/.m2/maven.repo/org/webbitserver/webbit/0.4.14/webbit-0.4.14.jar:/Users/bbheemanadham/.m2/maven.repo/io/netty/netty/3.5.2.Final/netty-3.5.2.Final.jar:/Users/bbheemanadham/.m2/maven.repo/org/seleniumhq/selenium/selenium-leg-rc/2.48.2/selenium-leg-rc-2.48.2.jar:/Users/bbheemanadham/.m2/maven.repo/net/sourceforge/htmlunit/htmlunit/2.18/htmlunit-2.18.jar:/Users/bbheemanadham/.m2/maven.repo/xalan/xalan/2.7.2/xalan-2.7.2.jar:/Users/bbheemanadham/.m2/maven.repo/xalan/serializer/2.7.2/serializer-2.7.2.jar:/Users/bbheemanadham/.m2/maven.repo/commons-collections/commons-collections/3.2.1/commons-collections-3.2.1.jar:/Users/bbheemanadham/.m2/maven.repo/org/apache/httpcomponents/httpmime/4.5/httpmime-4.5.jar:/Users/bbheemanadham/.m2/maven.repo/net/sourceforge/htmlunit/htmlunit-core-js/2.17/htmlunit-core-js-2.17.jar:/Users/bbheemanadham/.m2/maven.repo/xerces/xercesImpl/2.11.0/xercesImpl-2.11.0.jar:/Users/bbheemanadham/.m2/maven.repo/net/sourceforge/nekohtml/nekohtml/1.9.22/nekohtml-1.9.22.jar:/Users/bbheemanadham/.m2/maven.repo/net/sourceforge/cssparser/cssparser/0.9.16/cssparser-0.9.16.jar:/Users/bbheemanadham/.m2/maven.repo/org/w3c/css/sac/1.3/sac-1.3.jar:/Users/bbheemanadham/.m2/maven.repo/commons-logging/commons-logging/1.2/commons-logging-1.2.jar:/Users/bbheemanadham/.m2/maven.repo/org/eclipse/jetty/websocket/websocket-client/9.2.12.v20150709/websocket-client-9.2.12.v20150709.jar:/Users/bbheemanadham/.m2/maven.repo/org/eclipse/jetty/jetty-util/9.2.12.v20150709/jetty-util-9.2.12.v20150709.jar:/Users/bbheemanadham/.m2/maven.repo/org/eclipse/jetty/jetty-io/9.2.12.v20150709/jetty-io-9.2.12.v20150709.jar:/Users/bbheemanadham/.m2/maven.repo/org/eclipse/jetty/websocket/websocket-common/9.2.12.v20150709/websocket-common-9.2.12.v20150709.jar:/Users/bbheemanadham/.m2/maven.repo/org/eclipse/jetty/websocket/websocket-api/9.2.12.v20150709/websocket-api-9.2.12.v20150709.jar:/Users/bbheemanadham/.m2/maven.repo/com/codeborne/phantomjsdriver/1.2.1/phantomjsdriver-1.2.1.jar:/Users/bbheemanadham/.m2/maven.repo/io/selendroid/selendroid-client/0.17.0/selendroid-client-0.17.0.jar:/Users/bbheemanadham/.m2/maven.repo/io/selendroid/selendroid-server-common/0.17.0/selendroid-server-common-0.17.0.jar:/Users/bbheemanadham/.m2/maven.repo/io/netty/netty-all/4.0.21.Final/netty-all-4.0.21.Final.jar:/Users/bbheemanadham/.m2/maven.repo/org/uiautomation/ios-client/0.6.5/ios-client-0.6.5.jar:/Users/bbheemanadham/.m2/maven.repo/org/uiautomation/ios-common/0.6.5/ios-common-0.6.5.jar:/Users/bbheemanadham/.m2/maven.repo/io/appium/java-client/3.2.0/java-client-3.2.0.jar:/Users/bbheemanadham/.m2/maven.repo/cglib/cglib/3.1/cglib-3.1.jar:/Users/bbheemanadham/.m2/maven.repo/org/ow2/asm/asm/4.2/asm-4.2.jar:/Users/bbheemanadham/.m2/maven.repo/commons-validator/commons-validator/1.4.1/commons-validator-1.4.1.jar:/Users/bbheemanadham/.m2/maven.repo/commons-beanutils/commons-beanutils/1.9.2/commons-beanutils-1.9.2.jar:/Users/bbheemanadham/.m2/maven.repo/commons-digester/commons-digester/1.8.1/commons-digester-1.8.1.jar:/Users/bbheemanadham/.m2/maven.repo/org/testng/testng/6.9.6/testng-6.9.6.jar:/Users/bbheemanadham/.m2/maven.repo/com/google/inject/guice/4.0/guice-4.0-no_aop.jar:/Users/bbheemanadham/.m2/maven.repo/javax/inject/javax.inject/1/javax.inject-1.jar:/Users/bbheemanadham/.m2/maven.repo/aopalliance/aopalliance/1.0/aopalliance-1.0.jar:/Users/bbheemanadham/.m2/maven.repo/org/beanshell/bsh/2.0b4/bsh-2.0b4.jar:/Users/bbheemanadham/.m2/maven.repo/org/apache/ant/ant/1.7.0/ant-1.7.0.jar:/Users/bbheemanadham/.m2/maven.repo/org/apache/ant/ant-launcher/1.7.0/ant-launcher-1.7.0.jar:/Users/bbheemanadham/.m2/maven.repo/junit/junit/4.10/junit-4.10.jar:/Users/bbheemanadham/.m2/maven.repo/org/hamcrest/hamcrest-core/1.1/hamcrest-core-1.1.jar:/Users/bbheemanadham/.m2/maven.repo/org/apache/velocity/velocity/1.7/velocity-1.7.jar:/Users/bbheemanadham/.m2/maven.repo/net/sf/uadetector/uadetector-resources/2014.10/uadetector-resources-2014.10.jar:/Users/bbheemanadham/.m2/maven.repo/net/sf/uadetector/uadetector-core/0.9.22/uadetector-core-0.9.22.jar:/Users/bbheemanadham/.m2/maven.repo/net/sf/qualitycheck/quality-check/1.3/quality-check-1.3.jar:/Users/bbheemanadham/.m2/maven.repo/javax/annotation/jsr250-api/1.0/jsr250-api-1.0.jar:/Users/bbheemanadham/.m2/maven.repo/org/slf4j/slf4j-api/1.7.7/slf4j-api-1.7.7.jar:/Users/bbheemanadham/.m2/maven.repo/com/google/code/findbugs/jsr305/2.0.3/jsr305-2.0.3.jar:/Users/bbheemanadham/.m2/maven.repo/com/paypal/selion/SeLion-Grid/1.0.0/SeLion-Grid-1.0.0.jar:/Users/bbheemanadham/.m2/maven.repo/org/apache/httpcomponents/httpclient/4.5.1/httpclient-4.5.1.jar:/Users/bbheemanadham/.m2/maven.repo/org/apache/httpcomponents/httpcore/4.4.3/httpcore-4.4.3.jar:/Users/bbheemanadham/.m2/maven.repo/org/apache/commons/commons-exec/1.3/commons-exec-1.3.jar:/Users/bbheemanadham/.m2/maven.repo/commons-lang/commons-lang/2.6/commons-lang-2.6.jar:/Users/bbheemanadham/.m2/maven.repo/commons-codec/commons-codec/1.10/commons-codec-1.10.jar:/Users/bbheemanadham/.m2/maven.repo/io/selendroid/selendroid-grid-plugin/0.17.0/selendroid-grid-plugin-0.17.0.jar:/Users/bbheemanadham/.m2/maven.repo/io/selendroid/selendroid-common/0.17.0/selendroid-common-0.17.0.jar:/Users/bbheemanadham/.m2/maven.repo/org/json/json/20090211/json-20090211.jar:/Users/bbheemanadham/.m2/maven.repo/org/uiautomation/ios-grid/0.6.5/ios-grid-0.6.5.jar:/Users/bbheemanadham/.m2/maven.repo/org/apache/commons/commons-compress/1.8.1/commons-compress-1.8.1.jar:/Users/bbheemanadham/.m2/maven.repo/commons-fileupload/commons-fileupload/1.3.1/commons-fileupload-1.3.1.jar:/Users/bbheemanadham/.m2/maven.repo/org/seleniumhq/selenium/selenium-server/2.48.2/selenium-server-2.48.2.jar:/Users/bbheemanadham/.m2/maven.repo/com/beust/jcommander/1.48/jcommander-1.48.jar:/Users/bbheemanadham/.m2/maven.repo/org/bouncycastle/bcprov-jdk15on/1.48/bcprov-jdk15on-1.48.jar:/Users/bbheemanadham/.m2/maven.repo/org/bouncycastle/bcpkix-jdk15on/1.48/bcpkix-jdk15on-1.48.jar:/Users/bbheemanadham/.m2/maven.repo/mx4j/mx4j-tools/3.0.1/mx4j-tools-3.0.1.jar:/Users/bbheemanadham/.m2/maven.repo/org/seleniumhq/selenium/jetty-repacked/9.2.13.v20150730/jetty-repacked-9.2.13.v20150730.jar:/Users/bbheemanadham/.m2/maven.repo/javax/servlet/javax.servlet-api/3.1.0/javax.servlet-api-3.1.0.jar:/Users/bbheemanadham/.m2/maven.repo/org/seleniumhq/selenium/jetty-rc-repacked/5/jetty-rc-repacked-5.jar:/Users/bbheemanadham/.m2/maven.repo/net/jcip/jcip-annotations/1.0/jcip-annotations-1.0.jar:/Users/bbheemanadham/.m2/maven.repo/org/yaml/snakeyaml/1.15/snakeyaml-1.15.jar, user.name=bbheemanadham, java.vm.specification.version=1.8, sun.java.command=org.testng.remote.RemoteTestNG -serport 52711 -d /Users/bbheemanadham/ap_api/python/andriodTest/test-output /Users/bbheemanadham/ap_api/python/andriodTest/src/test/resources/SampleSuite.xml, java.home=/Library/Java/JavaVirtualMachines/jdk1.8.0_65.jdk/Contents/Home/jre, sun.arch.data.model=64, user.language=en, java.specification.vendor=Oracle Corporation, awt.toolkit=sun.lwawt.macosx.LWCToolkit, java.vm.info=mixed mode, java.version=1.8.0_65, java.ext.dirs=/Users/bbheemanadham/Library/Java/Extensions:/Library/Java/JavaVirtualMachines/jdk1.8.0_65.jdk/Contents/Home/jre/lib/ext:/Library/Java/Extensions:/Network/Library/Java/Extensions:/System/Library/Java/Extensions:/usr/lib/java, sun.boot.class.path=/Library/Java/JavaVirtualMachines/jdk1.8.0_65.jdk/Contents/Home/jre/lib/resources.jar:/Library/Java/JavaVirtualMachines/jdk1.8.0_65.jdk/Contents/Home/jre/lib/rt.jar:/Library/Java/JavaVirtualMachines/jdk1.8.0_65.jdk/Contents/Home/jre/lib/sunrsasign.jar:/Library/Java/JavaVirtualMachines/jdk1.8.0_65.jdk/Contents/Home/jre/lib/jsse.jar:/Library/Java/JavaVirtualMachines/jdk1.8.0_65.jdk/Contents/Home/jre/lib/jce.jar:/Library/Java/JavaVirtualMachines/jdk1.8.0_65.jdk/Contents/Home/jre/lib/charsets.jar:/Library/Java/JavaVirtualMachines/jdk1.8.0_65.jdk/Contents/Home/jre/lib/jfr.jar:/Library/Java/JavaVirtualMachines/jdk1.8.0_65.jdk/Contents/Home/jre/classes, java.vendor=Oracle Corporation, file.separator=/, java.vendor.url.bug=http://bugreport.sun.com/bugreport/, sun.io.unicode.encoding=UnicodeBig, sun.cpu.endian=little, sun.cpu.isalist=}]
02.29.2016 10:36:09.780,[13] SeLion-1.0.0 INFO Launching a selenium grid server
02.29.2016 10:36:10.839,[12] SeLion-1.0.0 INFO LocalHub spawned
02.29.2016 10:36:10.848,[12] SeLion-1.0.0 INFO Verifying SeLion Grid installation...
02.29.2016 10:36:10.853,[28] SeLion-1.0.0 FINE Current Platform: MAC
02.29.2016 10:36:10.853,[28] SeLion-1.0.0 FINE Downloading from URL: https://github.com/selendroid/selendroid/releases/download/0.17.0/selendroid-standalone-0.17.0-with-dependencies.jar...[5e1f7de5e4d2eb77b68675d76c5edf6a] will be used for checksum validation.
02.29.2016 10:36:10.853,[28] SeLion-1.0.0 INFO Downloading from https://github.com/selendroid/selendroid/releases/download/0.17.0/selendroid-standalone-0.17.0-with-dependencies.jar with checksum 5e1f7de5e4d2eb77b68675d76c5edf6a[MD5]
02.29.2016 10:36:17.333,[28] SeLion-1.0.0 FINE checksum matched for /Users/bbheemanadham/.selion/selendroid-standalone-0.17.0-with-dependencies.jar
02.29.2016 10:36:17.334,[28] SeLion-1.0.0 FINE Files after download and extract: [/Users/bbheemanadham/.selion/selendroid-standalone-0.17.0-with-dependencies.jar]
02.29.2016 10:36:17.338,[28] SeLion-1.0.0 FINE Logger file created successfully. Path is /Users/bbheemanadham/.selion/config/logging.properties.selendroid
02.29.2016 10:36:17.345,[28] SeLion-1.0.0 INFO Executing command [java, -Djava.util.logging.config.file=/Users/bbheemanadham/.selion/config/logging.properties.selendroid, -cp, /Users/bbheemanadham/.selion/selendroid-standalone-0.17.0-with-dependencies.jar, io.selendroid.standalone.SelendroidLauncher, -port, 3239, -host, 127.0.0.1, -hub, http://127.0.0.1:4444/grid/register, -folder, /Users/bbheemanadham/ap_api/python/andriodTest/Applications, -selendroidServerPort, 8080, -timeoutEmulatorStart, 300000, -serverStartTimeout, 20000, , -sessionTimeout, 1800000, -logLevel, WARNING, -deviceScreenshot, -keepEmulator, -deviceLog, false, -maxSession, 1, -proxy, io.selendroid.grid.SelendroidSessionProxy]
02.29.2016 10:37:18.086,[12] SeLion-1.0.0 SEVERE Failed to start a LocalSelendroidNode
org.openqa.grid.common.exception.GridException: Failed to start a LocalSelendroidNode
	at com.paypal.selion.internal.platform.grid.AbstractBaseLocalServerComponent.boot(AbstractBaseLocalServerComponent.java:75)
	at com.paypal.selion.internal.platform.grid.LocalSelendroidNode.boot(LocalSelendroidNode.java:112)
	at com.paypal.selion.internal.platform.grid.LocalGridManager.spawnLocalHub(LocalGridManager.java:76)
	at com.paypal.selion.internal.platform.grid.SeleniumGridListener.beforeInvocation(SeleniumGridListener.java:133)
	at org.testng.internal.invokers.InvokedMethodListenerInvoker$InvokeBeforeInvocationWithoutContextStrategy.callMethod(InvokedMethodListenerInvoker.java:84)
	at org.testng.internal.invokers.InvokedMethodListenerInvoker.invokeListener(InvokedMethodListenerInvoker.java:62)
	at org.testng.internal.Invoker.runInvokedMethodListeners(Invoker.java:552)
	at org.testng.internal.Invoker.invokeMethod(Invoker.java:617)
	at org.testng.internal.Invoker.invokeTestMethod(Invoker.java:821)
	at org.testng.internal.Invoker.invokeTestMethods(Invoker.java:1131)
	at org.testng.internal.TestMethodWorker.invokeTestMethods(TestMethodWorker.java:124)
	at org.testng.internal.TestMethodWorker.run(TestMethodWorker.java:108)
	at java.util.concurrent.ThreadPoolExecutor.runWorker(ThreadPoolExecutor.java:1142)
	at java.util.concurrent.ThreadPoolExecutor$Worker.run(ThreadPoolExecutor.java:617)
	at java.lang.Thread.run(Thread.java:745)
Caused by: java.lang.IllegalStateException: LocalSelendroidNode can not be contacted.
	at com.paypal.selion.internal.platform.grid.AbstractBaseLocalServerComponent.waitForComponentToComeUp(AbstractBaseLocalServerComponent.java:171)
	at com.paypal.selion.internal.platform.grid.AbstractBaseLocalServerComponent.boot(AbstractBaseLocalServerComponent.java:72)
	... 14 more
02.29.2016 10:41:49.723,[1] SeLion-1.0.0 INFO Runtime Report : /Users/bbheemanadham/ap_api/python/andriodTest/test-output/RuntimeReporter/index.html
02.29.2016 10:41:49.795,[1] SeLion-1.0.0 INFO JDK Information: Java HotSpot(TM) 64-Bit Server VM from Oracle Corporation ver. 1.8.0_65
02.29.2016 10:41:49.803,[1] SeLion-1.0.0 FINE Parallel suite execution. Updating SeLion local config for Test, SampleTest
02.29.2016 10:41:49.887,[12] SeLion-1.0.0 INFO Verifying SeLion Grid installation...
02.29.2016 10:41:49.889,[12] SeLion-1.0.0 FINE Config file will be loaded as a resource.
02.29.2016 10:41:49.897,[13] SeLion-1.0.0 INFO This instance is considered a SeLion Grid Hub
02.29.2016 10:41:49.898,[13] SeLion-1.0.0 FINE Invoking SeLionGridLauncher with arguments: [-role, hub, -port, 4444, -host, 127.0.0.1, -hubConfig, /Users/bbheemanadham/.selion/config/hubConfig.json, -selionConfig, /Users/bbheemanadham/.selion/config/SeLionConfig.json]
02.29.2016 10:41:49.905,[13] SeLion-1.0.0 FINE Environment Variables: [{PATH=/usr/bin:/bin:/usr/sbin:/sbin, SHELL=/bin/sh, APP_ICON_16482=../Resources/Eclipse.icns, APP_ICON_17488=../Resources/Eclipse.icns, USER=bbheemanadham, TMPDIR=/var/folders/tl/dr21lyxn35j9l_zn6k87_8cr38x977/T/, SSH_AUTH_SOCK=/private/tmp/com.apple.launchd.IYg1pBH1Pp/Listeners, JAVA_STARTED_ON_FIRST_THREAD_17488=1, XPC_FLAGS=0x0, JAVA_STARTED_ON_FIRST_THREAD_16482=1, __CF_USER_TEXT_ENCODING=0x68EA4E7:0x0:0x0, Apple_PubSub_Socket_Render=/private/tmp/com.apple.launchd.gaTR0GeZEu/Render, LOGNAME=bbheemanadham, XPC_SERVICE_NAME=0, JAVA_MAIN_CLASS_17785=org.testng.remote.RemoteTestNG, HOME=/Users/bbheemanadham}]
02.29.2016 10:41:49.905,[13] SeLion-1.0.0 FINE JVM System Properties: [{java.runtime.name=Java(TM) SE Runtime Environment, sun.boot.library.path=/Library/Java/JavaVirtualMachines/jdk1.8.0_65.jdk/Contents/Home/jre/lib, java.vm.version=25.65-b01, gopherProxySet=false, java.vm.vendor=Oracle Corporation, java.vendor.url=http://java.oracle.com/, path.separator=:, java.vm.name=Java HotSpot(TM) 64-Bit Server VM, file.encoding.pkg=sun.io, user.country=US, sun.java.launcher=SUN_STANDARD, sun.os.patch.level=unknown, java.vm.specification.name=Java Virtual Machine Specification, user.dir=/Users/bbheemanadham/ap_api/python/andriodTest, java.runtime.version=1.8.0_65-b17, java.awt.graphicsenv=sun.awt.CGraphicsEnvironment, java.endorsed.dirs=/Library/Java/JavaVirtualMachines/jdk1.8.0_65.jdk/Contents/Home/jre/lib/endorsed, os.arch=x86_64, java.io.tmpdir=/var/folders/tl/dr21lyxn35j9l_zn6k87_8cr38x977/T/, line.separator=
, java.vm.specification.vendor=Oracle Corporation, os.name=Mac OS X, sun.jnu.encoding=UTF-8, java.library.path=/Users/bbheemanadham/Library/Java/Extensions:/Library/Java/Extensions:/Network/Library/Java/Extensions:/System/Library/Java/Extensions:/usr/lib/java:., java.specification.name=Java Platform API Specification, java.class.version=52.0, sun.management.compiler=HotSpot 64-Bit Tiered Compilers, os.version=10.11.3, user.home=/Users/bbheemanadham, user.timezone=America/Chicago, java.awt.printerjob=sun.lwawt.macosx.CPrinterJob, file.encoding=UTF-8, java.specification.version=1.8, java.class.path=/Users/bbheemanadham/ap_api/python/andriodTest/target/test-classes:/Users/bbheemanadham/ap_api/python/andriodTest/target/classes:/Users/bbheemanadham/.m2/maven.repo/com/paypal/selion/SeLion/1.0.0/SeLion-1.0.0.jar:/Users/bbheemanadham/.m2/maven.repo/com/paypal/selion/SeLion-Common/1.0.0/SeLion-Common-1.0.0.jar:/Users/bbheemanadham/.m2/maven.repo/commons-configuration/commons-configuration/1.10/commons-configuration-1.10.jar:/Users/bbheemanadham/.m2/maven.repo/commons-io/commons-io/2.4/commons-io-2.4.jar:/Users/bbheemanadham/.m2/maven.repo/com/google/guava/guava/18.0/guava-18.0.jar:/Users/bbheemanadham/.m2/maven.repo/com/paypal/selion/SeLion-DataProviders/1.0.0/SeLion-DataProviders-1.0.0.jar:/Users/bbheemanadham/.m2/maven.repo/org/apache/commons/commons-lang3/3.4/commons-lang3-3.4.jar:/Users/bbheemanadham/.m2/maven.repo/org/apache/poi/poi-ooxml/3.6/poi-ooxml-3.6.jar:/Users/bbheemanadham/.m2/maven.repo/org/apache/poi/poi-ooxml-schemas/3.6/poi-ooxml-schemas-3.6.jar:/Users/bbheemanadham/.m2/maven.repo/org/apache/xmlbeans/xmlbeans/2.3.0/xmlbeans-2.3.0.jar:/Users/bbheemanadham/.m2/maven.repo/stax/stax-api/1.0.1/stax-api-1.0.1.jar:/Users/bbheemanadham/.m2/maven.repo/org/apache/geronimo/specs/geronimo-stax-api_1.0_spec/1.0/geronimo-stax-api_1.0_spec-1.0.jar:/Users/bbheemanadham/.m2/maven.repo/org/apache/poi/poi/3.6/poi-3.6.jar:/Users/bbheemanadham/.m2/maven.repo/log4j/log4j/1.2.13/log4j-1.2.13.jar:/Users/bbheemanadham/.m2/maven.repo/com/google/code/gson/gson/2.3.1/gson-2.3.1.jar:/Users/bbheemanadham/.m2/maven.repo/commons-jxpath/commons-jxpath/1.3/commons-jxpath-1.3.jar:/Users/bbheemanadham/.m2/maven.repo/xml-apis/xml-apis/1.4.01/xml-apis-1.4.01.jar:/Users/bbheemanadham/.m2/maven.repo/dom4j/dom4j/1.6.1/dom4j-1.6.1.jar:/Users/bbheemanadham/.m2/maven.repo/jaxen/jaxen/1.1.6/jaxen-1.1.6.jar:/Users/bbheemanadham/.m2/maven.repo/org/seleniumhq/selenium/selenium-api/2.48.2/selenium-api-2.48.2.jar:/Users/bbheemanadham/.m2/maven.repo/org/seleniumhq/selenium/selenium-java/2.48.2/selenium-java-2.48.2.jar:/Users/bbheemanadham/.m2/maven.repo/org/seleniumhq/selenium/selenium-chrome-driver/2.48.2/selenium-chrome-driver-2.48.2.jar:/Users/bbheemanadham/.m2/maven.repo/org/seleniumhq/selenium/selenium-remote-driver/2.48.2/selenium-remote-driver-2.48.2.jar:/Users/bbheemanadham/.m2/maven.repo/cglib/cglib-nodep/2.1_3/cglib-nodep-2.1_3.jar:/Users/bbheemanadham/.m2/maven.repo/org/seleniumhq/selenium/selenium-edge-driver/2.48.2/selenium-edge-driver-2.48.2.jar:/Users/bbheemanadham/.m2/maven.repo/org/seleniumhq/selenium/selenium-htmlunit-driver/2.48.2/selenium-htmlunit-driver-2.48.2.jar:/Users/bbheemanadham/.m2/maven.repo/org/seleniumhq/selenium/selenium-firefox-driver/2.48.2/selenium-firefox-driver-2.48.2.jar:/Users/bbheemanadham/.m2/maven.repo/org/seleniumhq/selenium/selenium-ie-driver/2.48.2/selenium-ie-driver-2.48.2.jar:/Users/bbheemanadham/.m2/maven.repo/net/java/dev/jna/jna/4.1.0/jna-4.1.0.jar:/Users/bbheemanadham/.m2/maven.repo/net/java/dev/jna/jna-platform/4.1.0/jna-platform-4.1.0.jar:/Users/bbheemanadham/.m2/maven.repo/org/seleniumhq/selenium/selenium-safari-driver/2.48.2/selenium-safari-driver-2.48.2.jar:/Users/bbheemanadham/.m2/maven.repo/org/seleniumhq/selenium/selenium-support/2.48.2/selenium-support-2.48.2.jar:/Users/bbheemanadham/.m2/maven.repo/org/webbitserver/webbit/0.4.14/webbit-0.4.14.jar:/Users/bbheemanadham/.m2/maven.repo/io/netty/netty/3.5.2.Final/netty-3.5.2.Final.jar:/Users/bbheemanadham/.m2/maven.repo/org/seleniumhq/selenium/selenium-leg-rc/2.48.2/selenium-leg-rc-2.48.2.jar:/Users/bbheemanadham/.m2/maven.repo/net/sourceforge/htmlunit/htmlunit/2.18/htmlunit-2.18.jar:/Users/bbheemanadham/.m2/maven.repo/xalan/xalan/2.7.2/xalan-2.7.2.jar:/Users/bbheemanadham/.m2/maven.repo/xalan/serializer/2.7.2/serializer-2.7.2.jar:/Users/bbheemanadham/.m2/maven.repo/commons-collections/commons-collections/3.2.1/commons-collections-3.2.1.jar:/Users/bbheemanadham/.m2/maven.repo/org/apache/httpcomponents/httpmime/4.5/httpmime-4.5.jar:/Users/bbheemanadham/.m2/maven.repo/net/sourceforge/htmlunit/htmlunit-core-js/2.17/htmlunit-core-js-2.17.jar:/Users/bbheemanadham/.m2/maven.repo/xerces/xercesImpl/2.11.0/xercesImpl-2.11.0.jar:/Users/bbheemanadham/.m2/maven.repo/net/sourceforge/nekohtml/nekohtml/1.9.22/nekohtml-1.9.22.jar:/Users/bbheemanadham/.m2/maven.repo/net/sourceforge/cssparser/cssparser/0.9.16/cssparser-0.9.16.jar:/Users/bbheemanadham/.m2/maven.repo/org/w3c/css/sac/1.3/sac-1.3.jar:/Users/bbheemanadham/.m2/maven.repo/commons-logging/commons-logging/1.2/commons-logging-1.2.jar:/Users/bbheemanadham/.m2/maven.repo/org/eclipse/jetty/websocket/websocket-client/9.2.12.v20150709/websocket-client-9.2.12.v20150709.jar:/Users/bbheemanadham/.m2/maven.repo/org/eclipse/jetty/jetty-util/9.2.12.v20150709/jetty-util-9.2.12.v20150709.jar:/Users/bbheemanadham/.m2/maven.repo/org/eclipse/jetty/jetty-io/9.2.12.v20150709/jetty-io-9.2.12.v20150709.jar:/Users/bbheemanadham/.m2/maven.repo/org/eclipse/jetty/websocket/websocket-common/9.2.12.v20150709/websocket-common-9.2.12.v20150709.jar:/Users/bbheemanadham/.m2/maven.repo/org/eclipse/jetty/websocket/websocket-api/9.2.12.v20150709/websocket-api-9.2.12.v20150709.jar:/Users/bbheemanadham/.m2/maven.repo/com/codeborne/phantomjsdriver/1.2.1/phantomjsdriver-1.2.1.jar:/Users/bbheemanadham/.m2/maven.repo/io/selendroid/selendroid-client/0.17.0/selendroid-client-0.17.0.jar:/Users/bbheemanadham/.m2/maven.repo/io/selendroid/selendroid-server-common/0.17.0/selendroid-server-common-0.17.0.jar:/Users/bbheemanadham/.m2/maven.repo/io/netty/netty-all/4.0.21.Final/netty-all-4.0.21.Final.jar:/Users/bbheemanadham/.m2/maven.repo/org/uiautomation/ios-client/0.6.5/ios-client-0.6.5.jar:/Users/bbheemanadham/.m2/maven.repo/org/uiautomation/ios-common/0.6.5/ios-common-0.6.5.jar:/Users/bbheemanadham/.m2/maven.repo/io/appium/java-client/3.2.0/java-client-3.2.0.jar:/Users/bbheemanadham/.m2/maven.repo/cglib/cglib/3.1/cglib-3.1.jar:/Users/bbheemanadham/.m2/maven.repo/org/ow2/asm/asm/4.2/asm-4.2.jar:/Users/bbheemanadham/.m2/maven.repo/commons-validator/commons-validator/1.4.1/commons-validator-1.4.1.jar:/Users/bbheemanadham/.m2/maven.repo/commons-beanutils/commons-beanutils/1.9.2/commons-beanutils-1.9.2.jar:/Users/bbheemanadham/.m2/maven.repo/commons-digester/commons-digester/1.8.1/commons-digester-1.8.1.jar:/Users/bbheemanadham/.m2/maven.repo/org/testng/testng/6.9.6/testng-6.9.6.jar:/Users/bbheemanadham/.m2/maven.repo/com/google/inject/guice/4.0/guice-4.0-no_aop.jar:/Users/bbheemanadham/.m2/maven.repo/javax/inject/javax.inject/1/javax.inject-1.jar:/Users/bbheemanadham/.m2/maven.repo/aopalliance/aopalliance/1.0/aopalliance-1.0.jar:/Users/bbheemanadham/.m2/maven.repo/org/beanshell/bsh/2.0b4/bsh-2.0b4.jar:/Users/bbheemanadham/.m2/maven.repo/org/apache/ant/ant/1.7.0/ant-1.7.0.jar:/Users/bbheemanadham/.m2/maven.repo/org/apache/ant/ant-launcher/1.7.0/ant-launcher-1.7.0.jar:/Users/bbheemanadham/.m2/maven.repo/junit/junit/4.10/junit-4.10.jar:/Users/bbheemanadham/.m2/maven.repo/org/hamcrest/hamcrest-core/1.1/hamcrest-core-1.1.jar:/Users/bbheemanadham/.m2/maven.repo/org/apache/velocity/velocity/1.7/velocity-1.7.jar:/Users/bbheemanadham/.m2/maven.repo/net/sf/uadetector/uadetector-resources/2014.10/uadetector-resources-2014.10.jar:/Users/bbheemanadham/.m2/maven.repo/net/sf/uadetector/uadetector-core/0.9.22/uadetector-core-0.9.22.jar:/Users/bbheemanadham/.m2/maven.repo/net/sf/qualitycheck/quality-check/1.3/quality-check-1.3.jar:/Users/bbheemanadham/.m2/maven.repo/javax/annotation/jsr250-api/1.0/jsr250-api-1.0.jar:/Users/bbheemanadham/.m2/maven.repo/org/slf4j/slf4j-api/1.7.7/slf4j-api-1.7.7.jar:/Users/bbheemanadham/.m2/maven.repo/com/google/code/findbugs/jsr305/2.0.3/jsr305-2.0.3.jar:/Users/bbheemanadham/.m2/maven.repo/com/paypal/selion/SeLion-Grid/1.0.0/SeLion-Grid-1.0.0.jar:/Users/bbheemanadham/.m2/maven.repo/org/apache/httpcomponents/httpclient/4.5.1/httpclient-4.5.1.jar:/Users/bbheemanadham/.m2/maven.repo/org/apache/httpcomponents/httpcore/4.4.3/httpcore-4.4.3.jar:/Users/bbheemanadham/.m2/maven.repo/org/apache/commons/commons-exec/1.3/commons-exec-1.3.jar:/Users/bbheemanadham/.m2/maven.repo/commons-lang/commons-lang/2.6/commons-lang-2.6.jar:/Users/bbheemanadham/.m2/maven.repo/commons-codec/commons-codec/1.10/commons-codec-1.10.jar:/Users/bbheemanadham/.m2/maven.repo/io/selendroid/selendroid-grid-plugin/0.17.0/selendroid-grid-plugin-0.17.0.jar:/Users/bbheemanadham/.m2/maven.repo/io/selendroid/selendroid-common/0.17.0/selendroid-common-0.17.0.jar:/Users/bbheemanadham/.m2/maven.repo/org/json/json/20090211/json-20090211.jar:/Users/bbheemanadham/.m2/maven.repo/org/uiautomation/ios-grid/0.6.5/ios-grid-0.6.5.jar:/Users/bbheemanadham/.m2/maven.repo/org/apache/commons/commons-compress/1.8.1/commons-compress-1.8.1.jar:/Users/bbheemanadham/.m2/maven.repo/commons-fileupload/commons-fileupload/1.3.1/commons-fileupload-1.3.1.jar:/Users/bbheemanadham/.m2/maven.repo/org/seleniumhq/selenium/selenium-server/2.48.2/selenium-server-2.48.2.jar:/Users/bbheemanadham/.m2/maven.repo/com/beust/jcommander/1.48/jcommander-1.48.jar:/Users/bbheemanadham/.m2/maven.repo/org/bouncycastle/bcprov-jdk15on/1.48/bcprov-jdk15on-1.48.jar:/Users/bbheemanadham/.m2/maven.repo/org/bouncycastle/bcpkix-jdk15on/1.48/bcpkix-jdk15on-1.48.jar:/Users/bbheemanadham/.m2/maven.repo/mx4j/mx4j-tools/3.0.1/mx4j-tools-3.0.1.jar:/Users/bbheemanadham/.m2/maven.repo/org/seleniumhq/selenium/jetty-repacked/9.2.13.v20150730/jetty-repacked-9.2.13.v20150730.jar:/Users/bbheemanadham/.m2/maven.repo/javax/servlet/javax.servlet-api/3.1.0/javax.servlet-api-3.1.0.jar:/Users/bbheemanadham/.m2/maven.repo/org/seleniumhq/selenium/jetty-rc-repacked/5/jetty-rc-repacked-5.jar:/Users/bbheemanadham/.m2/maven.repo/net/jcip/jcip-annotations/1.0/jcip-annotations-1.0.jar:/Users/bbheemanadham/.m2/maven.repo/org/yaml/snakeyaml/1.15/snakeyaml-1.15.jar, user.name=bbheemanadham, java.vm.specification.version=1.8, sun.java.command=org.testng.remote.RemoteTestNG -serport 52982 -d /Users/bbheemanadham/ap_api/python/andriodTest/test-output /Users/bbheemanadham/ap_api/python/andriodTest/src/test/resources/SampleSuite.xml, java.home=/Library/Java/JavaVirtualMachines/jdk1.8.0_65.jdk/Contents/Home/jre, sun.arch.data.model=64, user.language=en, java.specification.vendor=Oracle Corporation, awt.toolkit=sun.lwawt.macosx.LWCToolkit, java.vm.info=mixed mode, java.version=1.8.0_65, java.ext.dirs=/Users/bbheemanadham/Library/Java/Extensions:/Library/Java/JavaVirtualMachines/jdk1.8.0_65.jdk/Contents/Home/jre/lib/ext:/Library/Java/Extensions:/Network/Library/Java/Extensions:/System/Library/Java/Extensions:/usr/lib/java, sun.boot.class.path=/Library/Java/JavaVirtualMachines/jdk1.8.0_65.jdk/Contents/Home/jre/lib/resources.jar:/Library/Java/JavaVirtualMachines/jdk1.8.0_65.jdk/Contents/Home/jre/lib/rt.jar:/Library/Java/JavaVirtualMachines/jdk1.8.0_65.jdk/Contents/Home/jre/lib/sunrsasign.jar:/Library/Java/JavaVirtualMachines/jdk1.8.0_65.jdk/Contents/Home/jre/lib/jsse.jar:/Library/Java/JavaVirtualMachines/jdk1.8.0_65.jdk/Contents/Home/jre/lib/jce.jar:/Library/Java/JavaVirtualMachines/jdk1.8.0_65.jdk/Contents/Home/jre/lib/charsets.jar:/Library/Java/JavaVirtualMachines/jdk1.8.0_65.jdk/Contents/Home/jre/lib/jfr.jar:/Library/Java/JavaVirtualMachines/jdk1.8.0_65.jdk/Contents/Home/jre/classes, java.vendor=Oracle Corporation, file.separator=/, java.vendor.url.bug=http://bugreport.sun.com/bugreport/, sun.io.unicode.encoding=UnicodeBig, sun.cpu.endian=little, sun.cpu.isalist=}]
02.29.2016 10:41:49.906,[13] SeLion-1.0.0 INFO Launching a selenium grid server
02.29.2016 10:41:50.956,[12] SeLion-1.0.0 INFO LocalHub spawned
02.29.2016 10:41:44.320,[12] SeLion-1.0.0 INFO Verifying SeLion Grid installation...
02.29.2016 10:41:44.329,[28] SeLion-1.0.0 FINE Current Platform: MAC
02.29.2016 10:41:44.331,[28] SeLion-1.0.0 FINE Downloading from URL: https://github.com/selendroid/selendroid/releases/download/0.17.0/selendroid-standalone-0.17.0-with-dependencies.jar...[5e1f7de5e4d2eb77b68675d76c5edf6a] will be used for checksum validation.
02.29.2016 10:41:44.408,[28] SeLion-1.0.0 FINE checksum matched for /Users/bbheemanadham/.selion/selendroid-standalone-0.17.0-with-dependencies.jar
02.29.2016 10:41:44.409,[28] SeLion-1.0.0 FINE Files after download and extract: [/Users/bbheemanadham/.selion/selendroid-standalone-0.17.0-with-dependencies.jar]
02.29.2016 10:41:44.420,[28] SeLion-1.0.0 INFO Executing command [java, -Djava.util.logging.config.file=/Users/bbheemanadham/.selion/config/logging.properties.selendroid, -cp, /Users/bbheemanadham/.selion/selendroid-standalone-0.17.0-with-dependencies.jar, io.selendroid.standalone.SelendroidLauncher, -port, 23938, -host, 127.0.0.1, -hub, http://127.0.0.1:4444/grid/register, -folder, /Users/bbheemanadham/ap_api/python/andriodTest/Applications, -selendroidServerPort, 8080, -timeoutEmulatorStart, 300000, -serverStartTimeout, 20000, , -sessionTimeout, 1800000, -logLevel, WARNING, -deviceScreenshot, -keepEmulator, -deviceLog, false, -maxSession, 1, -proxy, io.selendroid.grid.SelendroidSessionProxy]
02.29.2016 10:42:45.590,[12] SeLion-1.0.0 SEVERE Failed to start a LocalSelendroidNode
org.openqa.grid.common.exception.GridException: Failed to start a LocalSelendroidNode
	at com.paypal.selion.internal.platform.grid.AbstractBaseLocalServerComponent.boot(AbstractBaseLocalServerComponent.java:75)
	at com.paypal.selion.internal.platform.grid.LocalSelendroidNode.boot(LocalSelendroidNode.java:112)
	at com.paypal.selion.internal.platform.grid.LocalGridManager.spawnLocalHub(LocalGridManager.java:76)
	at com.paypal.selion.internal.platform.grid.SeleniumGridListener.beforeInvocation(SeleniumGridListener.java:133)
	at org.testng.internal.invokers.InvokedMethodListenerInvoker$InvokeBeforeInvocationWithoutContextStrategy.callMethod(InvokedMethodListenerInvoker.java:84)
	at org.testng.internal.invokers.InvokedMethodListenerInvoker.invokeListener(InvokedMethodListenerInvoker.java:62)
	at org.testng.internal.Invoker.runInvokedMethodListeners(Invoker.java:552)
	at org.testng.internal.Invoker.invokeMethod(Invoker.java:617)
	at org.testng.internal.Invoker.invokeTestMethod(Invoker.java:821)
	at org.testng.internal.Invoker.invokeTestMethods(Invoker.java:1131)
	at org.testng.internal.TestMethodWorker.invokeTestMethods(TestMethodWorker.java:124)
	at org.testng.internal.TestMethodWorker.run(TestMethodWorker.java:108)
	at java.util.concurrent.ThreadPoolExecutor.runWorker(ThreadPoolExecutor.java:1142)
	at java.util.concurrent.ThreadPoolExecutor$Worker.run(ThreadPoolExecutor.java:617)
	at java.lang.Thread.run(Thread.java:745)
Caused by: java.lang.IllegalStateException: LocalSelendroidNode can not be contacted.
	at com.paypal.selion.internal.platform.grid.AbstractBaseLocalServerComponent.waitForComponentToComeUp(AbstractBaseLocalServerComponent.java:171)
	at com.paypal.selion.internal.platform.grid.AbstractBaseLocalServerComponent.boot(AbstractBaseLocalServerComponent.java:72)
	... 14 more
02.29.2016 10:52:44.272,[1] SeLion-1.0.0 INFO Runtime Report : /Users/bbheemanadham/ap_api/python/andriodTest/test-output/RuntimeReporter/index.html
02.29.2016 10:52:44.341,[1] SeLion-1.0.0 INFO JDK Information: Java HotSpot(TM) 64-Bit Server VM from Oracle Corporation ver. 1.8.0_65
02.29.2016 10:52:44.349,[1] SeLion-1.0.0 FINE Parallel suite execution. Updating SeLion local config for Test, SampleTest
02.29.2016 10:52:44.468,[12] SeLion-1.0.0 FINE Spawning a mobile with the following capabilitiesgit: aut:io.selendroid.testapp,mobileNodeType:selendroid,locale:en_US,version:,platform:ANDROID,selenium-version:2.48.2,acceptSslCerts:true,accessKey:62747040-dea5-43da-97c1-2e597c35ccaf,platformVersion:19,name:andriodTest.AndroidMobileDemo:testMethod(),browserName:android,parent-tunnel:,javascriptEnabled:true,unexpectedAlertBehaviour:ignore,username:qiteam,
02.29.2016 10:52:45.115,[12] SeLion-1.0.0 FINE Spawning a mobile with the following capabilitiesgit: aut:io.selendroid.testapp,mobileNodeType:selendroid,locale:en_US,version:,platform:ANDROID,selenium-version:2.48.2,acceptSslCerts:true,accessKey:62747040-dea5-43da-97c1-2e597c35ccaf,platformVersion:19,name:andriodTest.AndroidMobileDemo:testMethod(),browserName:android,parent-tunnel:,javascriptEnabled:true,unexpectedAlertBehaviour:ignore,username:qiteam,
02.29.2016 10:52:45.174,[12] SeLion-1.0.0 WARNING An error occurred while processing afterInvocation: org.openqa.selenium.WebDriverException: Error forwarding the new session cannot find : Capabilities [{platform=ANDROID, accessKey=62747040-dea5-43da-97c1-2e597c35ccaf, acceptSslCerts=true, javascriptEnabled=true, browserName=android, selenium-version=2.48.2, locale=en_US, mobileNodeType=selendroid, unexpectedAlertBehaviour=ignore, version=, aut=io.selendroid.testapp, platformVersion=19, username=qiteam, name=andriodTest.AndroidMobileDemo:testMethod(), parent-tunnel=}]
Command duration or timeout: 56 milliseconds
Build info: version: '2.48.2', revision: '41bccdd10cf2c0560f637404c2d96164b67d9d67', time: '2015-10-09 13:08:06'
System info: host: 'LM-AUN-00874562', ip: '127.0.0.1', os.name: 'Mac OS X', os.arch: 'x86_64', os.version: '10.11.3', java.version: '1.8.0_65'
Driver info: com.paypal.selion.platform.grid.SeLionSelendroidDriver
Build info: version: '2.48.2', revision: '41bccdd10cf2c0560f637404c2d96164b67d9d67', time: '2015-10-09 13:08:06'
System info: host: 'LM-AUN-00874562', ip: '127.0.0.1', os.name: 'Mac OS X', os.arch: 'x86_64', os.version: '10.11.3', java.version: '1.8.0_65'
Driver info: driver.version: unknown
org.openqa.selenium.WebDriverException: org.openqa.selenium.WebDriverException: Error forwarding the new session cannot find : Capabilities [{platform=ANDROID, accessKey=62747040-dea5-43da-97c1-2e597c35ccaf, acceptSslCerts=true, javascriptEnabled=true, browserName=android, selenium-version=2.48.2, locale=en_US, mobileNodeType=selendroid, unexpectedAlertBehaviour=ignore, version=, aut=io.selendroid.testapp, platformVersion=19, username=qiteam, name=andriodTest.AndroidMobileDemo:testMethod(), parent-tunnel=}]
Command duration or timeout: 56 milliseconds
Build info: version: '2.48.2', revision: '41bccdd10cf2c0560f637404c2d96164b67d9d67', time: '2015-10-09 13:08:06'
System info: host: 'LM-AUN-00874562', ip: '127.0.0.1', os.name: 'Mac OS X', os.arch: 'x86_64', os.version: '10.11.3', java.version: '1.8.0_65'
Driver info: com.paypal.selion.platform.grid.SeLionSelendroidDriver
Build info: version: '2.48.2', revision: '41bccdd10cf2c0560f637404c2d96164b67d9d67', time: '2015-10-09 13:08:06'
System info: host: 'LM-AUN-00874562', ip: '127.0.0.1', os.name: 'Mac OS X', os.arch: 'x86_64', os.version: '10.11.3', java.version: '1.8.0_65'
Driver info: driver.version: unknown
	at com.paypal.selion.internal.platform.grid.browsercapabilities.MobileDriverFactory.createSelendroidInstance(MobileDriverFactory.java:127)
	at com.paypal.selion.internal.platform.grid.browsercapabilities.MobileDriverFactory.createInstance(MobileDriverFactory.java:79)
	at com.paypal.selion.internal.platform.grid.MobileTestSession.startSesion(MobileTestSession.java:115)
	at com.paypal.selion.platform.grid.Grid.driver(Grid.java:107)
	at com.paypal.selion.reports.runtime.SeLionReporter.log(SeLionReporter.java:182)
	at com.paypal.selion.internal.platform.grid.SeleniumGridListener.warnUserOfTestFailures(SeleniumGridListener.java:334)
	at com.paypal.selion.internal.platform.grid.SeleniumGridListener.afterInvocation(SeleniumGridListener.java:294)
	at org.testng.internal.invokers.InvokedMethodListenerInvoker$InvokeAfterInvocationWithoutContextStrategy.callMethod(InvokedMethodListenerInvoker.java:100)
	at org.testng.internal.invokers.InvokedMethodListenerInvoker.invokeListener(InvokedMethodListenerInvoker.java:62)
	at org.testng.internal.Invoker.runInvokedMethodListeners(Invoker.java:552)
	at org.testng.internal.Invoker.invokeMethod(Invoker.java:696)
	at org.testng.internal.Invoker.invokeTestMethod(Invoker.java:821)
	at org.testng.internal.Invoker.invokeTestMethods(Invoker.java:1131)
	at org.testng.internal.TestMethodWorker.invokeTestMethods(TestMethodWorker.java:124)
	at org.testng.internal.TestMethodWorker.run(TestMethodWorker.java:108)
	at java.util.concurrent.ThreadPoolExecutor.runWorker(ThreadPoolExecutor.java:1142)
	at java.util.concurrent.ThreadPoolExecutor$Worker.run(ThreadPoolExecutor.java:617)
	at java.lang.Thread.run(Thread.java:745)
Caused by: org.openqa.selenium.WebDriverException: Error forwarding the new session cannot find : Capabilities [{platform=ANDROID, accessKey=62747040-dea5-43da-97c1-2e597c35ccaf, acceptSslCerts=true, javascriptEnabled=true, browserName=android, selenium-version=2.48.2, locale=en_US, mobileNodeType=selendroid, unexpectedAlertBehaviour=ignore, version=, aut=io.selendroid.testapp, platformVersion=19, username=qiteam, name=andriodTest.AndroidMobileDemo:testMethod(), parent-tunnel=}]
Command duration or timeout: 56 milliseconds
Build info: version: '2.48.2', revision: '41bccdd10cf2c0560f637404c2d96164b67d9d67', time: '2015-10-09 13:08:06'
System info: host: 'LM-AUN-00874562', ip: '127.0.0.1', os.name: 'Mac OS X', os.arch: 'x86_64', os.version: '10.11.3', java.version: '1.8.0_65'
Driver info: com.paypal.selion.platform.grid.SeLionSelendroidDriver
	at sun.reflect.NativeConstructorAccessorImpl.newInstance0(Native Method)
	at sun.reflect.NativeConstructorAccessorImpl.newInstance(NativeConstructorAccessorImpl.java:62)
	at sun.reflect.DelegatingConstructorAccessorImpl.newInstance(DelegatingConstructorAccessorImpl.java:45)
	at java.lang.reflect.Constructor.newInstance(Constructor.java:422)
	at org.openqa.selenium.remote.ErrorHandler.createThrowable(ErrorHandler.java:206)
	at org.openqa.selenium.remote.ErrorHandler.throwIfResponseFailed(ErrorHandler.java:158)
	at org.openqa.selenium.remote.RemoteWebDriver.execute(RemoteWebDriver.java:647)
	at org.openqa.selenium.remote.RemoteWebDriver.startSession(RemoteWebDriver.java:247)
	at org.openqa.selenium.remote.RemoteWebDriver.<init>(RemoteWebDriver.java:129)
	at org.openqa.selenium.remote.RemoteWebDriver.<init>(RemoteWebDriver.java:142)
	at io.selendroid.client.SelendroidDriver.<init>(SelendroidDriver.java:71)
	at io.selendroid.client.SelendroidDriver.<init>(SelendroidDriver.java:80)
	at com.paypal.selion.platform.grid.SeLionSelendroidDriver.<init>(SeLionSelendroidDriver.java:56)
	at com.paypal.selion.internal.platform.grid.browsercapabilities.MobileDriverFactory.createSelendroidInstance(MobileDriverFactory.java:124)
	... 17 more
Caused by: org.openqa.grid.common.exception.GridException: Error forwarding the new session cannot find : Capabilities [{platform=ANDROID, accessKey=62747040-dea5-43da-97c1-2e597c35ccaf, acceptSslCerts=true, javascriptEnabled=true, browserName=android, selenium-version=2.48.2, locale=en_US, mobileNodeType=selendroid, unexpectedAlertBehaviour=ignore, version=, aut=io.selendroid.testapp, platformVersion=19, username=qiteam, name=andriodTest.AndroidMobileDemo:testMethod(), parent-tunnel=}]
	at org.openqa.grid.web.servlet.handler.RequestHandler.process(RequestHandler.java:115)
	at org.openqa.grid.web.servlet.DriverServlet.process(DriverServlet.java:83)
	at org.openqa.grid.web.servlet.DriverServlet.doPost(DriverServlet.java:67)
	at javax.servlet.http.HttpServlet.service(HttpServlet.java:707)
	at javax.servlet.http.HttpServlet.service(HttpServlet.java:790)
	at org.seleniumhq.jetty9.servlet.ServletHolder.handle(ServletHolder.java:808)
	at org.seleniumhq.jetty9.servlet.ServletHandler.doHandle(ServletHandler.java:587)
	at org.seleniumhq.jetty9.server.session.SessionHandler.doHandle(SessionHandler.java:221)
	at org.seleniumhq.jetty9.server.handler.ContextHandler.doHandle(ContextHandler.java:1127)
	at org.seleniumhq.jetty9.servlet.ServletHandler.doScope(ServletHandler.java:515)
	at org.seleniumhq.jetty9.server.session.SessionHandler.doScope(SessionHandler.java:185)
	at org.seleniumhq.jetty9.server.handler.ContextHandler.doScope(ContextHandler.java:1061)
	at org.seleniumhq.jetty9.server.handler.ScopedHandler.handle(ScopedHandler.java:141)
	at org.seleniumhq.jetty9.server.handler.HandlerWrapper.handle(HandlerWrapper.java:97)
	at org.seleniumhq.jetty9.server.Server.handle(Server.java:499)
	at org.seleniumhq.jetty9.server.HttpChannel.handle(HttpChannel.java:310)
	at org.seleniumhq.jetty9.server.HttpConnection.onFillable(HttpConnection.java:257)
	at org.seleniumhq.jetty9.io.AbstractConnection$2.run(AbstractConnection.java:540)
	at org.seleniumhq.jetty9.util.thread.QueuedThreadPool.runJob(QueuedThreadPool.java:635)
	at org.seleniumhq.jetty9.util.thread.QueuedThreadPool$3.run(QueuedThreadPool.java:555)
	... 1 more
02.29.2016 10:57:41.861,[1] SeLion-1.0.0 INFO Runtime Report : /Users/bbheemanadham/ap_api/python/andriodTest/test-output/RuntimeReporter/index.html
02.29.2016 10:57:41.934,[1] SeLion-1.0.0 INFO JDK Information: Java HotSpot(TM) 64-Bit Server VM from Oracle Corporation ver. 1.8.0_65
02.29.2016 10:57:41.945,[1] SeLion-1.0.0 FINE Parallel suite execution. Updating SeLion local config for Test, SampleTest
02.29.2016 10:57:42.030,[12] SeLion-1.0.0 INFO Verifying SeLion Grid installation...
02.29.2016 10:57:42.032,[12] SeLion-1.0.0 FINE Config file will be loaded as a resource.
02.29.2016 10:57:42.039,[13] SeLion-1.0.0 INFO This instance is considered a SeLion Grid Hub
02.29.2016 10:57:42.040,[13] SeLion-1.0.0 FINE Invoking SeLionGridLauncher with arguments: [-role, hub, -port, 4444, -host, 127.0.0.1, -hubConfig, /Users/bbheemanadham/.selion/config/hubConfig.json, -selionConfig, /Users/bbheemanadham/.selion/config/SeLionConfig.json]
02.29.2016 10:57:42.046,[13] SeLion-1.0.0 FINE Environment Variables: [{PATH=/usr/bin:/bin:/usr/sbin:/sbin, SHELL=/bin/sh, APP_ICON_16482=../Resources/Eclipse.icns, APP_ICON_17488=../Resources/Eclipse.icns, USER=bbheemanadham, TMPDIR=/var/folders/tl/dr21lyxn35j9l_zn6k87_8cr38x977/T/, SSH_AUTH_SOCK=/private/tmp/com.apple.launchd.IYg1pBH1Pp/Listeners, JAVA_STARTED_ON_FIRST_THREAD_17488=1, XPC_FLAGS=0x0, JAVA_STARTED_ON_FIRST_THREAD_16482=1, __CF_USER_TEXT_ENCODING=0x68EA4E7:0x0:0x0, Apple_PubSub_Socket_Render=/private/tmp/com.apple.launchd.gaTR0GeZEu/Render, LOGNAME=bbheemanadham, JAVA_MAIN_CLASS_18065=org.testng.remote.RemoteTestNG, XPC_SERVICE_NAME=0, HOME=/Users/bbheemanadham}]
02.29.2016 10:57:42.046,[13] SeLion-1.0.0 FINE JVM System Properties: [{java.runtime.name=Java(TM) SE Runtime Environment, sun.boot.library.path=/Library/Java/JavaVirtualMachines/jdk1.8.0_65.jdk/Contents/Home/jre/lib, java.vm.version=25.65-b01, gopherProxySet=false, java.vm.vendor=Oracle Corporation, java.vendor.url=http://java.oracle.com/, path.separator=:, java.vm.name=Java HotSpot(TM) 64-Bit Server VM, file.encoding.pkg=sun.io, user.country=US, sun.java.launcher=SUN_STANDARD, sun.os.patch.level=unknown, java.vm.specification.name=Java Virtual Machine Specification, user.dir=/Users/bbheemanadham/ap_api/python/andriodTest, java.runtime.version=1.8.0_65-b17, java.awt.graphicsenv=sun.awt.CGraphicsEnvironment, java.endorsed.dirs=/Library/Java/JavaVirtualMachines/jdk1.8.0_65.jdk/Contents/Home/jre/lib/endorsed, os.arch=x86_64, java.io.tmpdir=/var/folders/tl/dr21lyxn35j9l_zn6k87_8cr38x977/T/, line.separator=
, java.vm.specification.vendor=Oracle Corporation, os.name=Mac OS X, sun.jnu.encoding=UTF-8, java.library.path=/Users/bbheemanadham/Library/Java/Extensions:/Library/Java/Extensions:/Network/Library/Java/Extensions:/System/Library/Java/Extensions:/usr/lib/java:., java.specification.name=Java Platform API Specification, java.class.version=52.0, sun.management.compiler=HotSpot 64-Bit Tiered Compilers, os.version=10.11.3, user.home=/Users/bbheemanadham, user.timezone=America/Chicago, java.awt.printerjob=sun.lwawt.macosx.CPrinterJob, file.encoding=UTF-8, java.specification.version=1.8, java.class.path=/Users/bbheemanadham/ap_api/python/andriodTest/target/test-classes:/Users/bbheemanadham/ap_api/python/andriodTest/target/classes:/Users/bbheemanadham/.m2/maven.repo/com/paypal/selion/SeLion/1.0.0/SeLion-1.0.0.jar:/Users/bbheemanadham/.m2/maven.repo/com/paypal/selion/SeLion-Common/1.0.0/SeLion-Common-1.0.0.jar:/Users/bbheemanadham/.m2/maven.repo/commons-configuration/commons-configuration/1.10/commons-configuration-1.10.jar:/Users/bbheemanadham/.m2/maven.repo/commons-io/commons-io/2.4/commons-io-2.4.jar:/Users/bbheemanadham/.m2/maven.repo/com/google/guava/guava/18.0/guava-18.0.jar:/Users/bbheemanadham/.m2/maven.repo/com/paypal/selion/SeLion-DataProviders/1.0.0/SeLion-DataProviders-1.0.0.jar:/Users/bbheemanadham/.m2/maven.repo/org/apache/commons/commons-lang3/3.4/commons-lang3-3.4.jar:/Users/bbheemanadham/.m2/maven.repo/org/apache/poi/poi-ooxml/3.6/poi-ooxml-3.6.jar:/Users/bbheemanadham/.m2/maven.repo/org/apache/poi/poi-ooxml-schemas/3.6/poi-ooxml-schemas-3.6.jar:/Users/bbheemanadham/.m2/maven.repo/org/apache/xmlbeans/xmlbeans/2.3.0/xmlbeans-2.3.0.jar:/Users/bbheemanadham/.m2/maven.repo/stax/stax-api/1.0.1/stax-api-1.0.1.jar:/Users/bbheemanadham/.m2/maven.repo/org/apache/geronimo/specs/geronimo-stax-api_1.0_spec/1.0/geronimo-stax-api_1.0_spec-1.0.jar:/Users/bbheemanadham/.m2/maven.repo/org/apache/poi/poi/3.6/poi-3.6.jar:/Users/bbheemanadham/.m2/maven.repo/log4j/log4j/1.2.13/log4j-1.2.13.jar:/Users/bbheemanadham/.m2/maven.repo/com/google/code/gson/gson/2.3.1/gson-2.3.1.jar:/Users/bbheemanadham/.m2/maven.repo/commons-jxpath/commons-jxpath/1.3/commons-jxpath-1.3.jar:/Users/bbheemanadham/.m2/maven.repo/xml-apis/xml-apis/1.4.01/xml-apis-1.4.01.jar:/Users/bbheemanadham/.m2/maven.repo/dom4j/dom4j/1.6.1/dom4j-1.6.1.jar:/Users/bbheemanadham/.m2/maven.repo/jaxen/jaxen/1.1.6/jaxen-1.1.6.jar:/Users/bbheemanadham/.m2/maven.repo/org/seleniumhq/selenium/selenium-api/2.48.2/selenium-api-2.48.2.jar:/Users/bbheemanadham/.m2/maven.repo/org/seleniumhq/selenium/selenium-java/2.48.2/selenium-java-2.48.2.jar:/Users/bbheemanadham/.m2/maven.repo/org/seleniumhq/selenium/selenium-chrome-driver/2.48.2/selenium-chrome-driver-2.48.2.jar:/Users/bbheemanadham/.m2/maven.repo/org/seleniumhq/selenium/selenium-remote-driver/2.48.2/selenium-remote-driver-2.48.2.jar:/Users/bbheemanadham/.m2/maven.repo/cglib/cglib-nodep/2.1_3/cglib-nodep-2.1_3.jar:/Users/bbheemanadham/.m2/maven.repo/org/seleniumhq/selenium/selenium-edge-driver/2.48.2/selenium-edge-driver-2.48.2.jar:/Users/bbheemanadham/.m2/maven.repo/org/seleniumhq/selenium/selenium-htmlunit-driver/2.48.2/selenium-htmlunit-driver-2.48.2.jar:/Users/bbheemanadham/.m2/maven.repo/org/seleniumhq/selenium/selenium-firefox-driver/2.48.2/selenium-firefox-driver-2.48.2.jar:/Users/bbheemanadham/.m2/maven.repo/org/seleniumhq/selenium/selenium-ie-driver/2.48.2/selenium-ie-driver-2.48.2.jar:/Users/bbheemanadham/.m2/maven.repo/net/java/dev/jna/jna/4.1.0/jna-4.1.0.jar:/Users/bbheemanadham/.m2/maven.repo/net/java/dev/jna/jna-platform/4.1.0/jna-platform-4.1.0.jar:/Users/bbheemanadham/.m2/maven.repo/org/seleniumhq/selenium/selenium-safari-driver/2.48.2/selenium-safari-driver-2.48.2.jar:/Users/bbheemanadham/.m2/maven.repo/org/seleniumhq/selenium/selenium-support/2.48.2/selenium-support-2.48.2.jar:/Users/bbheemanadham/.m2/maven.repo/org/webbitserver/webbit/0.4.14/webbit-0.4.14.jar:/Users/bbheemanadham/.m2/maven.repo/io/netty/netty/3.5.2.Final/netty-3.5.2.Final.jar:/Users/bbheemanadham/.m2/maven.repo/org/seleniumhq/selenium/selenium-leg-rc/2.48.2/selenium-leg-rc-2.48.2.jar:/Users/bbheemanadham/.m2/maven.repo/net/sourceforge/htmlunit/htmlunit/2.18/htmlunit-2.18.jar:/Users/bbheemanadham/.m2/maven.repo/xalan/xalan/2.7.2/xalan-2.7.2.jar:/Users/bbheemanadham/.m2/maven.repo/xalan/serializer/2.7.2/serializer-2.7.2.jar:/Users/bbheemanadham/.m2/maven.repo/commons-collections/commons-collections/3.2.1/commons-collections-3.2.1.jar:/Users/bbheemanadham/.m2/maven.repo/org/apache/httpcomponents/httpmime/4.5/httpmime-4.5.jar:/Users/bbheemanadham/.m2/maven.repo/net/sourceforge/htmlunit/htmlunit-core-js/2.17/htmlunit-core-js-2.17.jar:/Users/bbheemanadham/.m2/maven.repo/xerces/xercesImpl/2.11.0/xercesImpl-2.11.0.jar:/Users/bbheemanadham/.m2/maven.repo/net/sourceforge/nekohtml/nekohtml/1.9.22/nekohtml-1.9.22.jar:/Users/bbheemanadham/.m2/maven.repo/net/sourceforge/cssparser/cssparser/0.9.16/cssparser-0.9.16.jar:/Users/bbheemanadham/.m2/maven.repo/org/w3c/css/sac/1.3/sac-1.3.jar:/Users/bbheemanadham/.m2/maven.repo/commons-logging/commons-logging/1.2/commons-logging-1.2.jar:/Users/bbheemanadham/.m2/maven.repo/org/eclipse/jetty/websocket/websocket-client/9.2.12.v20150709/websocket-client-9.2.12.v20150709.jar:/Users/bbheemanadham/.m2/maven.repo/org/eclipse/jetty/jetty-util/9.2.12.v20150709/jetty-util-9.2.12.v20150709.jar:/Users/bbheemanadham/.m2/maven.repo/org/eclipse/jetty/jetty-io/9.2.12.v20150709/jetty-io-9.2.12.v20150709.jar:/Users/bbheemanadham/.m2/maven.repo/org/eclipse/jetty/websocket/websocket-common/9.2.12.v20150709/websocket-common-9.2.12.v20150709.jar:/Users/bbheemanadham/.m2/maven.repo/org/eclipse/jetty/websocket/websocket-api/9.2.12.v20150709/websocket-api-9.2.12.v20150709.jar:/Users/bbheemanadham/.m2/maven.repo/com/codeborne/phantomjsdriver/1.2.1/phantomjsdriver-1.2.1.jar:/Users/bbheemanadham/.m2/maven.repo/io/selendroid/selendroid-client/0.17.0/selendroid-client-0.17.0.jar:/Users/bbheemanadham/.m2/maven.repo/io/selendroid/selendroid-server-common/0.17.0/selendroid-server-common-0.17.0.jar:/Users/bbheemanadham/.m2/maven.repo/io/netty/netty-all/4.0.21.Final/netty-all-4.0.21.Final.jar:/Users/bbheemanadham/.m2/maven.repo/org/uiautomation/ios-client/0.6.5/ios-client-0.6.5.jar:/Users/bbheemanadham/.m2/maven.repo/org/uiautomation/ios-common/0.6.5/ios-common-0.6.5.jar:/Users/bbheemanadham/.m2/maven.repo/io/appium/java-client/3.2.0/java-client-3.2.0.jar:/Users/bbheemanadham/.m2/maven.repo/cglib/cglib/3.1/cglib-3.1.jar:/Users/bbheemanadham/.m2/maven.repo/org/ow2/asm/asm/4.2/asm-4.2.jar:/Users/bbheemanadham/.m2/maven.repo/commons-validator/commons-validator/1.4.1/commons-validator-1.4.1.jar:/Users/bbheemanadham/.m2/maven.repo/commons-beanutils/commons-beanutils/1.9.2/commons-beanutils-1.9.2.jar:/Users/bbheemanadham/.m2/maven.repo/commons-digester/commons-digester/1.8.1/commons-digester-1.8.1.jar:/Users/bbheemanadham/.m2/maven.repo/org/testng/testng/6.9.6/testng-6.9.6.jar:/Users/bbheemanadham/.m2/maven.repo/com/google/inject/guice/4.0/guice-4.0-no_aop.jar:/Users/bbheemanadham/.m2/maven.repo/javax/inject/javax.inject/1/javax.inject-1.jar:/Users/bbheemanadham/.m2/maven.repo/aopalliance/aopalliance/1.0/aopalliance-1.0.jar:/Users/bbheemanadham/.m2/maven.repo/org/beanshell/bsh/2.0b4/bsh-2.0b4.jar:/Users/bbheemanadham/.m2/maven.repo/org/apache/ant/ant/1.7.0/ant-1.7.0.jar:/Users/bbheemanadham/.m2/maven.repo/org/apache/ant/ant-launcher/1.7.0/ant-launcher-1.7.0.jar:/Users/bbheemanadham/.m2/maven.repo/junit/junit/4.10/junit-4.10.jar:/Users/bbheemanadham/.m2/maven.repo/org/hamcrest/hamcrest-core/1.1/hamcrest-core-1.1.jar:/Users/bbheemanadham/.m2/maven.repo/org/apache/velocity/velocity/1.7/velocity-1.7.jar:/Users/bbheemanadham/.m2/maven.repo/net/sf/uadetector/uadetector-resources/2014.10/uadetector-resources-2014.10.jar:/Users/bbheemanadham/.m2/maven.repo/net/sf/uadetector/uadetector-core/0.9.22/uadetector-core-0.9.22.jar:/Users/bbheemanadham/.m2/maven.repo/net/sf/qualitycheck/quality-check/1.3/quality-check-1.3.jar:/Users/bbheemanadham/.m2/maven.repo/javax/annotation/jsr250-api/1.0/jsr250-api-1.0.jar:/Users/bbheemanadham/.m2/maven.repo/org/slf4j/slf4j-api/1.7.7/slf4j-api-1.7.7.jar:/Users/bbheemanadham/.m2/maven.repo/com/google/code/findbugs/jsr305/2.0.3/jsr305-2.0.3.jar:/Users/bbheemanadham/.m2/maven.repo/com/paypal/selion/SeLion-Grid/1.0.0/SeLion-Grid-1.0.0.jar:/Users/bbheemanadham/.m2/maven.repo/org/apache/httpcomponents/httpclient/4.5.1/httpclient-4.5.1.jar:/Users/bbheemanadham/.m2/maven.repo/org/apache/httpcomponents/httpcore/4.4.3/httpcore-4.4.3.jar:/Users/bbheemanadham/.m2/maven.repo/org/apache/commons/commons-exec/1.3/commons-exec-1.3.jar:/Users/bbheemanadham/.m2/maven.repo/commons-lang/commons-lang/2.6/commons-lang-2.6.jar:/Users/bbheemanadham/.m2/maven.repo/commons-codec/commons-codec/1.10/commons-codec-1.10.jar:/Users/bbheemanadham/.m2/maven.repo/io/selendroid/selendroid-grid-plugin/0.17.0/selendroid-grid-plugin-0.17.0.jar:/Users/bbheemanadham/.m2/maven.repo/io/selendroid/selendroid-common/0.17.0/selendroid-common-0.17.0.jar:/Users/bbheemanadham/.m2/maven.repo/org/json/json/20090211/json-20090211.jar:/Users/bbheemanadham/.m2/maven.repo/org/uiautomation/ios-grid/0.6.5/ios-grid-0.6.5.jar:/Users/bbheemanadham/.m2/maven.repo/org/apache/commons/commons-compress/1.8.1/commons-compress-1.8.1.jar:/Users/bbheemanadham/.m2/maven.repo/commons-fileupload/commons-fileupload/1.3.1/commons-fileupload-1.3.1.jar:/Users/bbheemanadham/.m2/maven.repo/org/seleniumhq/selenium/selenium-server/2.48.2/selenium-server-2.48.2.jar:/Users/bbheemanadham/.m2/maven.repo/com/beust/jcommander/1.48/jcommander-1.48.jar:/Users/bbheemanadham/.m2/maven.repo/org/bouncycastle/bcprov-jdk15on/1.48/bcprov-jdk15on-1.48.jar:/Users/bbheemanadham/.m2/maven.repo/org/bouncycastle/bcpkix-jdk15on/1.48/bcpkix-jdk15on-1.48.jar:/Users/bbheemanadham/.m2/maven.repo/mx4j/mx4j-tools/3.0.1/mx4j-tools-3.0.1.jar:/Users/bbheemanadham/.m2/maven.repo/org/seleniumhq/selenium/jetty-repacked/9.2.13.v20150730/jetty-repacked-9.2.13.v20150730.jar:/Users/bbheemanadham/.m2/maven.repo/javax/servlet/javax.servlet-api/3.1.0/javax.servlet-api-3.1.0.jar:/Users/bbheemanadham/.m2/maven.repo/org/seleniumhq/selenium/jetty-rc-repacked/5/jetty-rc-repacked-5.jar:/Users/bbheemanadham/.m2/maven.repo/net/jcip/jcip-annotations/1.0/jcip-annotations-1.0.jar:/Users/bbheemanadham/.m2/maven.repo/org/yaml/snakeyaml/1.15/snakeyaml-1.15.jar, user.name=bbheemanadham, java.vm.specification.version=1.8, sun.java.command=org.testng.remote.RemoteTestNG -serport 53302 -d /Users/bbheemanadham/ap_api/python/andriodTest/test-output /Users/bbheemanadham/ap_api/python/andriodTest/src/test/resources/SampleSuite.xml, java.home=/Library/Java/JavaVirtualMachines/jdk1.8.0_65.jdk/Contents/Home/jre, sun.arch.data.model=64, user.language=en, java.specification.vendor=Oracle Corporation, awt.toolkit=sun.lwawt.macosx.LWCToolkit, java.vm.info=mixed mode, java.version=1.8.0_65, java.ext.dirs=/Users/bbheemanadham/Library/Java/Extensions:/Library/Java/JavaVirtualMachines/jdk1.8.0_65.jdk/Contents/Home/jre/lib/ext:/Library/Java/Extensions:/Network/Library/Java/Extensions:/System/Library/Java/Extensions:/usr/lib/java, sun.boot.class.path=/Library/Java/JavaVirtualMachines/jdk1.8.0_65.jdk/Contents/Home/jre/lib/resources.jar:/Library/Java/JavaVirtualMachines/jdk1.8.0_65.jdk/Contents/Home/jre/lib/rt.jar:/Library/Java/JavaVirtualMachines/jdk1.8.0_65.jdk/Contents/Home/jre/lib/sunrsasign.jar:/Library/Java/JavaVirtualMachines/jdk1.8.0_65.jdk/Contents/Home/jre/lib/jsse.jar:/Library/Java/JavaVirtualMachines/jdk1.8.0_65.jdk/Contents/Home/jre/lib/jce.jar:/Library/Java/JavaVirtualMachines/jdk1.8.0_65.jdk/Contents/Home/jre/lib/charsets.jar:/Library/Java/JavaVirtualMachines/jdk1.8.0_65.jdk/Contents/Home/jre/lib/jfr.jar:/Library/Java/JavaVirtualMachines/jdk1.8.0_65.jdk/Contents/Home/jre/classes, java.vendor=Oracle Corporation, file.separator=/, java.vendor.url.bug=http://bugreport.sun.com/bugreport/, sun.io.unicode.encoding=UnicodeBig, sun.cpu.endian=little, sun.cpu.isalist=}]
02.29.2016 10:57:42.047,[13] SeLion-1.0.0 INFO Launching a selenium grid server
02.29.2016 10:57:43.098,[12] SeLion-1.0.0 INFO LocalHub spawned
02.29.2016 10:57:43.109,[12] SeLion-1.0.0 INFO Verifying SeLion Grid installation...
02.29.2016 10:57:43.115,[28] SeLion-1.0.0 FINE Current Platform: MAC
02.29.2016 10:57:43.115,[28] SeLion-1.0.0 FINE Downloading from URL: https://github.com/selendroid/selendroid/releases/download/0.17.0/selendroid-standalone-0.17.0-with-dependencies.jar...[5e1f7de5e4d2eb77b68675d76c5edf6a] will be used for checksum validation.
02.29.2016 10:57:43.176,[28] SeLion-1.0.0 FINE checksum matched for /Users/bbheemanadham/.selion/selendroid-standalone-0.17.0-with-dependencies.jar
02.29.2016 10:57:43.176,[28] SeLion-1.0.0 FINE Files after download and extract: [/Users/bbheemanadham/.selion/selendroid-standalone-0.17.0-with-dependencies.jar]
02.29.2016 10:57:43.183,[28] SeLion-1.0.0 INFO Executing command [java, -Djava.util.logging.config.file=/Users/bbheemanadham/.selion/config/logging.properties.selendroid, -cp, /Users/bbheemanadham/.selion/selendroid-standalone-0.17.0-with-dependencies.jar, io.selendroid.standalone.SelendroidLauncher, -port, 45914, -host, 127.0.0.1, -hub, http://127.0.0.1:4444/grid/register, -folder, /Users/bbheemanadham/ap_api/python/andriodTest/Applications, -selendroidServerPort, 8080, -timeoutEmulatorStart, 300000, -serverStartTimeout, 20000, , -sessionTimeout, 1800000, -logLevel, WARNING, -deviceScreenshot, -keepEmulator, -deviceLog, false, -maxSession, 1, -proxy, io.selendroid.grid.SelendroidSessionProxy]
02.29.2016 10:58:44.326,[12] SeLion-1.0.0 SEVERE Failed to start a LocalSelendroidNode
org.openqa.grid.common.exception.GridException: Failed to start a LocalSelendroidNode
	at com.paypal.selion.internal.platform.grid.AbstractBaseLocalServerComponent.boot(AbstractBaseLocalServerComponent.java:75)
	at com.paypal.selion.internal.platform.grid.LocalSelendroidNode.boot(LocalSelendroidNode.java:112)
	at com.paypal.selion.internal.platform.grid.LocalGridManager.spawnLocalHub(LocalGridManager.java:76)
	at com.paypal.selion.internal.platform.grid.SeleniumGridListener.beforeInvocation(SeleniumGridListener.java:133)
	at org.testng.internal.invokers.InvokedMethodListenerInvoker$InvokeBeforeInvocationWithoutContextStrategy.callMethod(InvokedMethodListenerInvoker.java:84)
	at org.testng.internal.invokers.InvokedMethodListenerInvoker.invokeListener(InvokedMethodListenerInvoker.java:62)
	at org.testng.internal.Invoker.runInvokedMethodListeners(Invoker.java:552)
	at org.testng.internal.Invoker.invokeMethod(Invoker.java:617)
	at org.testng.internal.Invoker.invokeTestMethod(Invoker.java:821)
	at org.testng.internal.Invoker.invokeTestMethods(Invoker.java:1131)
	at org.testng.internal.TestMethodWorker.invokeTestMethods(TestMethodWorker.java:124)
	at org.testng.internal.TestMethodWorker.run(TestMethodWorker.java:108)
	at java.util.concurrent.ThreadPoolExecutor.runWorker(ThreadPoolExecutor.java:1142)
	at java.util.concurrent.ThreadPoolExecutor$Worker.run(ThreadPoolExecutor.java:617)
	at java.lang.Thread.run(Thread.java:745)
Caused by: java.lang.IllegalStateException: LocalSelendroidNode can not be contacted.
	at com.paypal.selion.internal.platform.grid.AbstractBaseLocalServerComponent.waitForComponentToComeUp(AbstractBaseLocalServerComponent.java:171)
	at com.paypal.selion.internal.platform.grid.AbstractBaseLocalServerComponent.boot(AbstractBaseLocalServerComponent.java:72)
	... 14 more
02.29.2016 11:00:25.749,[1] SeLion-1.0.0 INFO Runtime Report : /Users/bbheemanadham/ap_api/python/andriodTest/test-output/RuntimeReporter/index.html
02.29.2016 11:00:25.824,[1] SeLion-1.0.0 INFO JDK Information: Java HotSpot(TM) 64-Bit Server VM from Oracle Corporation ver. 1.8.0_65
02.29.2016 11:00:25.939,[1] SeLion-1.0.0 FINE Spawning a mobile with the following capabilitiesgit: app:/Users/bbheemanadham/ap_api/python/andriodTest/src/test/resources/apps/selendroid-test-app-0.15.0.apk,acceptSslCerts:true,platformVersion:5.0.1,name:andriodTest.AppiumAndroidNativeAppMobileDemo:testWithNativeApp(),javascriptEnabled:true,mobileNodeType:appium,language:en,locale:en_US,platformName:ANDROID,version:,deviceName:Android Emulator,unexpectedAlertBehaviour:ignore,
02.29.2016 11:01:41.959,[1] SeLion-1.0.0 FINE Spawning a mobile with the following capabilitiesgit: app:/Users/bbheemanadham/ap_api/python/andriodTest/src/test/resources/apps/selendroid-test-app-0.15.0.apk,acceptSslCerts:true,platformVersion:5.0.1,name:andriodTest.AppiumAndroidNativeAppMobileDemo:testWithNativeApp(),javascriptEnabled:true,mobileNodeType:appium,language:en,locale:en_US,platformName:ANDROID,version:,deviceName:Android Emulator,unexpectedAlertBehaviour:ignore,
02.29.2016 11:02:57.737,[1] SeLion-1.0.0 WARNING An error occurred while processing afterInvocation: org.openqa.selenium.remote.UnreachableBrowserException: Could not start a new session. Possible causes are invalid address of the remote server or browser start-up failure.
Build info: version: '2.48.2', revision: '41bccdd10cf2c0560f637404c2d96164b67d9d67', time: '2015-10-09 13:08:06'
System info: host: 'LM-AUN-00874562', ip: '127.0.0.1', os.name: 'Mac OS X', os.arch: 'x86_64', os.version: '10.11.3', java.version: '1.8.0_65'
Driver info: driver.version: SeLionAppiumAndroidDriver
Build info: version: '2.48.2', revision: '41bccdd10cf2c0560f637404c2d96164b67d9d67', time: '2015-10-09 13:08:06'
System info: host: 'LM-AUN-00874562', ip: '127.0.0.1', os.name: 'Mac OS X', os.arch: 'x86_64', os.version: '10.11.3', java.version: '1.8.0_65'
Driver info: driver.version: unknown
org.openqa.selenium.WebDriverException: org.openqa.selenium.remote.UnreachableBrowserException: Could not start a new session. Possible causes are invalid address of the remote server or browser start-up failure.
Build info: version: '2.48.2', revision: '41bccdd10cf2c0560f637404c2d96164b67d9d67', time: '2015-10-09 13:08:06'
System info: host: 'LM-AUN-00874562', ip: '127.0.0.1', os.name: 'Mac OS X', os.arch: 'x86_64', os.version: '10.11.3', java.version: '1.8.0_65'
Driver info: driver.version: SeLionAppiumAndroidDriver
Build info: version: '2.48.2', revision: '41bccdd10cf2c0560f637404c2d96164b67d9d67', time: '2015-10-09 13:08:06'
System info: host: 'LM-AUN-00874562', ip: '127.0.0.1', os.name: 'Mac OS X', os.arch: 'x86_64', os.version: '10.11.3', java.version: '1.8.0_65'
Driver info: driver.version: unknown
	at com.paypal.selion.internal.platform.grid.browsercapabilities.MobileDriverFactory.createAppiumAndroidInstance(MobileDriverFactory.java:97)
	at com.paypal.selion.internal.platform.grid.browsercapabilities.MobileDriverFactory.createInstance(MobileDriverFactory.java:71)
	at com.paypal.selion.internal.platform.grid.MobileTestSession.startSesion(MobileTestSession.java:115)
	at com.paypal.selion.platform.grid.Grid.driver(Grid.java:107)
	at com.paypal.selion.reports.runtime.SeLionReporter.log(SeLionReporter.java:182)
	at com.paypal.selion.internal.platform.grid.SeleniumGridListener.warnUserOfTestFailures(SeleniumGridListener.java:334)
	at com.paypal.selion.internal.platform.grid.SeleniumGridListener.afterInvocation(SeleniumGridListener.java:294)
	at org.testng.internal.invokers.InvokedMethodListenerInvoker$InvokeAfterInvocationWithoutContextStrategy.callMethod(InvokedMethodListenerInvoker.java:100)
	at org.testng.internal.invokers.InvokedMethodListenerInvoker.invokeListener(InvokedMethodListenerInvoker.java:62)
	at org.testng.internal.Invoker.runInvokedMethodListeners(Invoker.java:552)
	at org.testng.internal.Invoker.invokeMethod(Invoker.java:696)
	at org.testng.internal.Invoker.invokeTestMethod(Invoker.java:821)
	at org.testng.internal.Invoker.invokeTestMethods(Invoker.java:1131)
	at org.testng.internal.TestMethodWorker.invokeTestMethods(TestMethodWorker.java:124)
	at org.testng.internal.TestMethodWorker.run(TestMethodWorker.java:108)
	at org.testng.TestRunner.privateRun(TestRunner.java:773)
	at org.testng.TestRunner.run(TestRunner.java:623)
	at org.testng.SuiteRunner.runTest(SuiteRunner.java:357)
	at org.testng.SuiteRunner.runSequentially(SuiteRunner.java:352)
	at org.testng.SuiteRunner.privateRun(SuiteRunner.java:310)
	at org.testng.SuiteRunner.run(SuiteRunner.java:259)
	at org.testng.SuiteRunnerWorker.runSuite(SuiteRunnerWorker.java:52)
	at org.testng.SuiteRunnerWorker.run(SuiteRunnerWorker.java:86)
	at org.testng.TestNG.runSuitesSequentially(TestNG.java:1185)
	at org.testng.TestNG.runSuitesLocally(TestNG.java:1110)
	at org.testng.TestNG.run(TestNG.java:1018)
	at org.testng.remote.RemoteTestNG.run(RemoteTestNG.java:111)
	at org.testng.remote.RemoteTestNG.initAndRun(RemoteTestNG.java:204)
	at org.testng.remote.RemoteTestNG.main(RemoteTestNG.java:175)
Caused by: org.openqa.selenium.remote.UnreachableBrowserException: Could not start a new session. Possible causes are invalid address of the remote server or browser start-up failure.
Build info: version: '2.48.2', revision: '41bccdd10cf2c0560f637404c2d96164b67d9d67', time: '2015-10-09 13:08:06'
System info: host: 'LM-AUN-00874562', ip: '127.0.0.1', os.name: 'Mac OS X', os.arch: 'x86_64', os.version: '10.11.3', java.version: '1.8.0_65'
Driver info: driver.version: SeLionAppiumAndroidDriver
	at org.openqa.selenium.remote.RemoteWebDriver.execute(RemoteWebDriver.java:641)
	at io.appium.java_client.DefaultGenericMobileDriver.execute(DefaultGenericMobileDriver.java:42)
	at io.appium.java_client.AppiumDriver.execute(AppiumDriver.java:1)
	at io.appium.java_client.android.AndroidDriver.execute(AndroidDriver.java:1)
	at org.openqa.selenium.remote.RemoteWebDriver.startSession(RemoteWebDriver.java:247)
	at org.openqa.selenium.remote.RemoteWebDriver.<init>(RemoteWebDriver.java:129)
	at org.openqa.selenium.remote.RemoteWebDriver.<init>(RemoteWebDriver.java:142)
	at io.appium.java_client.DefaultGenericMobileDriver.<init>(DefaultGenericMobileDriver.java:37)
	at io.appium.java_client.AppiumDriver.<init>(AppiumDriver.java:160)
	at io.appium.java_client.AppiumDriver.<init>(AppiumDriver.java:168)
	at io.appium.java_client.android.AndroidDriver.<init>(AndroidDriver.java:69)
	at com.paypal.selion.platform.grid.SeLionAppiumAndroidDriver.<init>(SeLionAppiumAndroidDriver.java:45)
	at com.paypal.selion.internal.platform.grid.browsercapabilities.MobileDriverFactory.createAppiumAndroidInstance(MobileDriverFactory.java:94)
	... 28 more
Caused by: org.openqa.selenium.WebDriverException: org.apache.http.conn.HttpHostConnectException: Connect to 10.20.30.40:4723 [/10.20.30.40] failed: Operation timed out
Build info: version: '2.48.2', revision: '41bccdd10cf2c0560f637404c2d96164b67d9d67', time: '2015-10-09 13:08:06'
System info: host: 'LM-AUN-00874562', ip: '127.0.0.1', os.name: 'Mac OS X', os.arch: 'x86_64', os.version: '10.11.3', java.version: '1.8.0_65'
Driver info: driver.version: SeLionAppiumAndroidDriver
	at io.appium.java_client.remote.AppiumCommandExecutor.execute(AppiumCommandExecutor.java:64)
	at org.openqa.selenium.remote.RemoteWebDriver.execute(RemoteWebDriver.java:620)
	... 40 more
Caused by: org.apache.http.conn.HttpHostConnectException: Connect to 10.20.30.40:4723 [/10.20.30.40] failed: Operation timed out
	at org.apache.http.impl.conn.DefaultHttpClientConnectionOperator.connect(DefaultHttpClientConnectionOperator.java:151)
	at org.apache.http.impl.conn.PoolingHttpClientConnectionManager.connect(PoolingHttpClientConnectionManager.java:353)
	at org.apache.http.impl.execchain.MainClientExec.establishRoute(MainClientExec.java:380)
	at org.apache.http.impl.execchain.MainClientExec.execute(MainClientExec.java:236)
	at org.apache.http.impl.execchain.ProtocolExec.execute(ProtocolExec.java:184)
	at org.apache.http.impl.execchain.RetryExec.execute(RetryExec.java:88)
	at org.apache.http.impl.execchain.RedirectExec.execute(RedirectExec.java:110)
	at org.apache.http.impl.client.InternalHttpClient.doExecute(InternalHttpClient.java:184)
	at org.apache.http.impl.client.CloseableHttpClient.execute(CloseableHttpClient.java:71)
	at org.apache.http.impl.client.CloseableHttpClient.execute(CloseableHttpClient.java:55)
	at org.openqa.selenium.remote.internal.ApacheHttpClient.fallBackExecute(ApacheHttpClient.java:143)
	at org.openqa.selenium.remote.internal.ApacheHttpClient.execute(ApacheHttpClient.java:89)
	at org.openqa.selenium.remote.HttpCommandExecutor.execute(HttpCommandExecutor.java:142)
	at io.appium.java_client.remote.AppiumCommandExecutor.execute(AppiumCommandExecutor.java:52)
	... 41 more
Caused by: java.net.ConnectException: Operation timed out
	at java.net.PlainSocketImpl.socketConnect(Native Method)
	at java.net.AbstractPlainSocketImpl.doConnect(AbstractPlainSocketImpl.java:350)
	at java.net.AbstractPlainSocketImpl.connectToAddress(AbstractPlainSocketImpl.java:206)
	at java.net.AbstractPlainSocketImpl.connect(AbstractPlainSocketImpl.java:188)
	at java.net.SocksSocketImpl.connect(SocksSocketImpl.java:392)
	at java.net.Socket.connect(Socket.java:589)
	at org.apache.http.conn.socket.PlainConnectionSocketFactory.connectSocket(PlainConnectionSocketFactory.java:74)
	at org.apache.http.impl.conn.DefaultHttpClientConnectionOperator.connect(DefaultHttpClientConnectionOperator.java:134)
	... 54 more
02.29.2016 11:05:28.120,[1] SeLion-1.0.0 INFO Runtime Report : /Users/bbheemanadham/ap_api/python/andriodTest/test-output/RuntimeReporter/index.html
02.29.2016 11:05:28.193,[1] SeLion-1.0.0 INFO JDK Information: Java HotSpot(TM) 64-Bit Server VM from Oracle Corporation ver. 1.8.0_65
02.29.2016 11:05:28.311,[1] SeLion-1.0.0 FINE Spawning a mobile with the following capabilitiesgit: app:/Users/bbheemanadham/ap_api/python/andriodTest/src/test/resources/apps/selendroid-test-app-0.15.0.apk,acceptSslCerts:true,platformVersion:5.0.1,name:andriodTest.AppiumAndroidNativeAppMobileDemo:testWithNativeApp(),javascriptEnabled:true,mobileNodeType:appium,language:en,locale:en_US,platformName:ANDROID,version:,deviceName:Android Emulator,unexpectedAlertBehaviour:ignore,
02.29.2016 11:06:24.011,[1] SeLion-1.0.0 INFO Runtime Report : /Users/bbheemanadham/ap_api/python/andriodTest/test-output/RuntimeReporter/index.html
02.29.2016 11:06:24.085,[1] SeLion-1.0.0 INFO JDK Information: Java HotSpot(TM) 64-Bit Server VM from Oracle Corporation ver. 1.8.0_65
02.29.2016 11:06:24.201,[1] SeLion-1.0.0 FINE Spawning a mobile with the following capabilitiesgit: app:/Users/bbheemanadham/ap_api/python/andriodTest/src/test/resources/apps/selendroid-test-app-0.15.0.apk,acceptSslCerts:true,platformVersion:5.0.1,name:andriodTest.AppiumAndroidNativeAppMobileDemo:testWithNativeApp(),javascriptEnabled:true,mobileNodeType:appium,language:en,locale:en_US,platformName:ANDROID,version:,deviceName:Android Emulator,unexpectedAlertBehaviour:ignore,
02.29.2016 11:07:31.769,[1] SeLion-1.0.0 FINE Spawning a mobile with the following capabilitiesgit: app:/Users/bbheemanadham/ap_api/python/andriodTest/src/test/resources/apps/selendroid-test-app-0.15.0.apk,acceptSslCerts:true,platformVersion:5.0.1,name:andriodTest.AppiumAndroidNativeAppMobileDemo:testWithNativeApp(),javascriptEnabled:true,mobileNodeType:appium,language:en,locale:en_US,platformName:ANDROID,version:,deviceName:Android Emulator,unexpectedAlertBehaviour:ignore,
02.29.2016 11:18:46.399,[1] SeLion-1.0.0 INFO Runtime Report : /Users/bbheemanadham/ap_api/python/andriodTest/test-output/RuntimeReporter/index.html
02.29.2016 11:18:46.475,[1] SeLion-1.0.0 INFO JDK Information: Java HotSpot(TM) 64-Bit Server VM from Oracle Corporation ver. 1.8.0_65
02.29.2016 11:18:46.608,[1] SeLion-1.0.0 FINE Spawning a mobile with the following capabilitiesgit: app:/Users/bbheemanadham/ap_api/python/andriodTest/src/test/resources/apps/selendroid-test-app-0.15.0.apk,acceptSslCerts:true,platformVersion:5.0.1,name:andriodTest.AppiumAndroidNativeAppMobileDemo:testWithNativeApp(),javascriptEnabled:true,mobileNodeType:appium,language:en,locale:en_US,platformName:ANDROID,version:,deviceName:Android Emulator,unexpectedAlertBehaviour:ignore,
02.29.2016 11:18:47.493,[1] SeLion-1.0.0 FINE Spawning a mobile with the following capabilitiesgit: app:/Users/bbheemanadham/ap_api/python/andriodTest/src/test/resources/apps/selendroid-test-app-0.15.0.apk,acceptSslCerts:true,platformVersion:5.0.1,name:andriodTest.AppiumAndroidNativeAppMobileDemo:testWithNativeApp(),javascriptEnabled:true,mobileNodeType:appium,language:en,locale:en_US,platformName:ANDROID,version:,deviceName:Android Emulator,unexpectedAlertBehaviour:ignore,
02.29.2016 11:18:47.658,[1] SeLion-1.0.0 WARNING An error occurred while processing afterInvocation: org.openqa.selenium.WebDriverException: Error forwarding the new session cannot find : Capabilities [{platformVersion=5.0.1, app=/Users/bbheemanadham/ap_api/python/andriodTest/src/test/resources/apps/selendroid-test-app-0.15.0.apk, javascriptEnabled=true, acceptSslCerts=true, platformName=Android, deviceName=Android Emulator, name=andriodTest.AppiumAndroidNativeAppMobileDemo:testWithNativeApp(), locale=en_US, mobileNodeType=appium, unexpectedAlertBehaviour=ignore, language=en, version=}]
Command duration or timeout: 164 milliseconds
Build info: version: '2.48.2', revision: '41bccdd10cf2c0560f637404c2d96164b67d9d67', time: '2015-10-09 13:08:06'
System info: host: 'LM-AUN-00874562', ip: '127.0.0.1', os.name: 'Mac OS X', os.arch: 'x86_64', os.version: '10.11.3', java.version: '1.8.0_65'
Driver info: com.paypal.selion.platform.grid.SeLionAppiumAndroidDriver
Build info: version: '2.48.2', revision: '41bccdd10cf2c0560f637404c2d96164b67d9d67', time: '2015-10-09 13:08:06'
System info: host: 'LM-AUN-00874562', ip: '127.0.0.1', os.name: 'Mac OS X', os.arch: 'x86_64', os.version: '10.11.3', java.version: '1.8.0_65'
Driver info: driver.version: unknown
org.openqa.selenium.WebDriverException: org.openqa.selenium.WebDriverException: Error forwarding the new session cannot find : Capabilities [{platformVersion=5.0.1, app=/Users/bbheemanadham/ap_api/python/andriodTest/src/test/resources/apps/selendroid-test-app-0.15.0.apk, javascriptEnabled=true, acceptSslCerts=true, platformName=Android, deviceName=Android Emulator, name=andriodTest.AppiumAndroidNativeAppMobileDemo:testWithNativeApp(), locale=en_US, mobileNodeType=appium, unexpectedAlertBehaviour=ignore, language=en, version=}]
Command duration or timeout: 164 milliseconds
Build info: version: '2.48.2', revision: '41bccdd10cf2c0560f637404c2d96164b67d9d67', time: '2015-10-09 13:08:06'
System info: host: 'LM-AUN-00874562', ip: '127.0.0.1', os.name: 'Mac OS X', os.arch: 'x86_64', os.version: '10.11.3', java.version: '1.8.0_65'
Driver info: com.paypal.selion.platform.grid.SeLionAppiumAndroidDriver
Build info: version: '2.48.2', revision: '41bccdd10cf2c0560f637404c2d96164b67d9d67', time: '2015-10-09 13:08:06'
System info: host: 'LM-AUN-00874562', ip: '127.0.0.1', os.name: 'Mac OS X', os.arch: 'x86_64', os.version: '10.11.3', java.version: '1.8.0_65'
Driver info: driver.version: unknown
	at com.paypal.selion.internal.platform.grid.browsercapabilities.MobileDriverFactory.createAppiumAndroidInstance(MobileDriverFactory.java:97)
	at com.paypal.selion.internal.platform.grid.browsercapabilities.MobileDriverFactory.createInstance(MobileDriverFactory.java:71)
	at com.paypal.selion.internal.platform.grid.MobileTestSession.startSesion(MobileTestSession.java:115)
	at com.paypal.selion.platform.grid.Grid.driver(Grid.java:107)
	at com.paypal.selion.reports.runtime.SeLionReporter.log(SeLionReporter.java:182)
	at com.paypal.selion.internal.platform.grid.SeleniumGridListener.warnUserOfTestFailures(SeleniumGridListener.java:334)
	at com.paypal.selion.internal.platform.grid.SeleniumGridListener.afterInvocation(SeleniumGridListener.java:294)
	at org.testng.internal.invokers.InvokedMethodListenerInvoker$InvokeAfterInvocationWithoutContextStrategy.callMethod(InvokedMethodListenerInvoker.java:100)
	at org.testng.internal.invokers.InvokedMethodListenerInvoker.invokeListener(InvokedMethodListenerInvoker.java:62)
	at org.testng.internal.Invoker.runInvokedMethodListeners(Invoker.java:552)
	at org.testng.internal.Invoker.invokeMethod(Invoker.java:696)
	at org.testng.internal.Invoker.invokeTestMethod(Invoker.java:821)
	at org.testng.internal.Invoker.invokeTestMethods(Invoker.java:1131)
	at org.testng.internal.TestMethodWorker.invokeTestMethods(TestMethodWorker.java:124)
	at org.testng.internal.TestMethodWorker.run(TestMethodWorker.java:108)
	at org.testng.TestRunner.privateRun(TestRunner.java:773)
	at org.testng.TestRunner.run(TestRunner.java:623)
	at org.testng.SuiteRunner.runTest(SuiteRunner.java:357)
	at org.testng.SuiteRunner.runSequentially(SuiteRunner.java:352)
	at org.testng.SuiteRunner.privateRun(SuiteRunner.java:310)
	at org.testng.SuiteRunner.run(SuiteRunner.java:259)
	at org.testng.SuiteRunnerWorker.runSuite(SuiteRunnerWorker.java:52)
	at org.testng.SuiteRunnerWorker.run(SuiteRunnerWorker.java:86)
	at org.testng.TestNG.runSuitesSequentially(TestNG.java:1185)
	at org.testng.TestNG.runSuitesLocally(TestNG.java:1110)
	at org.testng.TestNG.run(TestNG.java:1018)
	at org.testng.remote.RemoteTestNG.run(RemoteTestNG.java:111)
	at org.testng.remote.RemoteTestNG.initAndRun(RemoteTestNG.java:204)
	at org.testng.remote.RemoteTestNG.main(RemoteTestNG.java:175)
Caused by: org.openqa.selenium.WebDriverException: Error forwarding the new session cannot find : Capabilities [{platformVersion=5.0.1, app=/Users/bbheemanadham/ap_api/python/andriodTest/src/test/resources/apps/selendroid-test-app-0.15.0.apk, javascriptEnabled=true, acceptSslCerts=true, platformName=Android, deviceName=Android Emulator, name=andriodTest.AppiumAndroidNativeAppMobileDemo:testWithNativeApp(), locale=en_US, mobileNodeType=appium, unexpectedAlertBehaviour=ignore, language=en, version=}]
Command duration or timeout: 164 milliseconds
Build info: version: '2.48.2', revision: '41bccdd10cf2c0560f637404c2d96164b67d9d67', time: '2015-10-09 13:08:06'
System info: host: 'LM-AUN-00874562', ip: '127.0.0.1', os.name: 'Mac OS X', os.arch: 'x86_64', os.version: '10.11.3', java.version: '1.8.0_65'
Driver info: com.paypal.selion.platform.grid.SeLionAppiumAndroidDriver
	at sun.reflect.NativeConstructorAccessorImpl.newInstance0(Native Method)
	at sun.reflect.NativeConstructorAccessorImpl.newInstance(NativeConstructorAccessorImpl.java:62)
	at sun.reflect.DelegatingConstructorAccessorImpl.newInstance(DelegatingConstructorAccessorImpl.java:45)
	at java.lang.reflect.Constructor.newInstance(Constructor.java:422)
	at org.openqa.selenium.remote.ErrorHandler.createThrowable(ErrorHandler.java:206)
	at org.openqa.selenium.remote.ErrorHandler.throwIfResponseFailed(ErrorHandler.java:158)
	at org.openqa.selenium.remote.RemoteWebDriver.execute(RemoteWebDriver.java:647)
	at io.appium.java_client.DefaultGenericMobileDriver.execute(DefaultGenericMobileDriver.java:42)
	at io.appium.java_client.AppiumDriver.execute(AppiumDriver.java:1)
	at io.appium.java_client.android.AndroidDriver.execute(AndroidDriver.java:1)
	at org.openqa.selenium.remote.RemoteWebDriver.startSession(RemoteWebDriver.java:247)
	at org.openqa.selenium.remote.RemoteWebDriver.<init>(RemoteWebDriver.java:129)
	at org.openqa.selenium.remote.RemoteWebDriver.<init>(RemoteWebDriver.java:142)
	at io.appium.java_client.DefaultGenericMobileDriver.<init>(DefaultGenericMobileDriver.java:37)
	at io.appium.java_client.AppiumDriver.<init>(AppiumDriver.java:160)
	at io.appium.java_client.AppiumDriver.<init>(AppiumDriver.java:168)
	at io.appium.java_client.android.AndroidDriver.<init>(AndroidDriver.java:69)
	at com.paypal.selion.platform.grid.SeLionAppiumAndroidDriver.<init>(SeLionAppiumAndroidDriver.java:45)
	at com.paypal.selion.internal.platform.grid.browsercapabilities.MobileDriverFactory.createAppiumAndroidInstance(MobileDriverFactory.java:94)
	... 28 more
Caused by: org.openqa.grid.common.exception.GridException: Error forwarding the new session cannot find : Capabilities [{platformVersion=5.0.1, app=/Users/bbheemanadham/ap_api/python/andriodTest/src/test/resources/apps/selendroid-test-app-0.15.0.apk, javascriptEnabled=true, acceptSslCerts=true, platformName=Android, deviceName=Android Emulator, name=andriodTest.AppiumAndroidNativeAppMobileDemo:testWithNativeApp(), locale=en_US, mobileNodeType=appium, unexpectedAlertBehaviour=ignore, language=en, version=}]
	at org.openqa.grid.web.servlet.handler.RequestHandler.process(RequestHandler.java:115)
	at org.openqa.grid.web.servlet.DriverServlet.process(DriverServlet.java:83)
	at org.openqa.grid.web.servlet.DriverServlet.doPost(DriverServlet.java:67)
	at javax.servlet.http.HttpServlet.service(HttpServlet.java:707)
	at javax.servlet.http.HttpServlet.service(HttpServlet.java:790)
	at org.seleniumhq.jetty9.servlet.ServletHolder.handle(ServletHolder.java:808)
	at org.seleniumhq.jetty9.servlet.ServletHandler.doHandle(ServletHandler.java:587)
	at org.seleniumhq.jetty9.server.session.SessionHandler.doHandle(SessionHandler.java:221)
	at org.seleniumhq.jetty9.server.handler.ContextHandler.doHandle(ContextHandler.java:1127)
	at org.seleniumhq.jetty9.servlet.ServletHandler.doScope(ServletHandler.java:515)
	at org.seleniumhq.jetty9.server.session.SessionHandler.doScope(SessionHandler.java:185)
	at org.seleniumhq.jetty9.server.handler.ContextHandler.doScope(ContextHandler.java:1061)
	at org.seleniumhq.jetty9.server.handler.ScopedHandler.handle(ScopedHandler.java:141)
	at org.seleniumhq.jetty9.server.handler.HandlerWrapper.handle(HandlerWrapper.java:97)
	at org.seleniumhq.jetty9.server.Server.handle(Server.java:499)
	at org.seleniumhq.jetty9.server.HttpChannel.handle(HttpChannel.java:310)
	at org.seleniumhq.jetty9.server.HttpConnection.onFillable(HttpConnection.java:257)
	at org.seleniumhq.jetty9.io.AbstractConnection$2.run(AbstractConnection.java:540)
	at org.seleniumhq.jetty9.util.thread.QueuedThreadPool.runJob(QueuedThreadPool.java:635)
	at org.seleniumhq.jetty9.util.thread.QueuedThreadPool$3.run(QueuedThreadPool.java:555)
	at java.lang.Thread.run(Thread.java:744)
02.29.2016 12:00:54.429,[1] SeLion-1.0.0 INFO Runtime Report : /Users/bbheemanadham/ap_api/python/andriodTest/test-output/RuntimeReporter/index.html
02.29.2016 12:00:54.504,[1] SeLion-1.0.0 INFO JDK Information: Java HotSpot(TM) 64-Bit Server VM from Oracle Corporation ver. 1.8.0_65
02.29.2016 12:00:54.620,[1] SeLion-1.0.0 FINE Spawning a mobile with the following capabilitiesgit: app:/Users/bbheemanadham/ap_api/python/andriodTest/src/test/resources/apps/selendroid-test-app-0.15.0.apk,autoDismissAlerts:true,mobileNodeType:appium,language:en,locale:en_US,version:,deviceName:Android Emulator,acceptSslCerts:true,platformVersion:null,name:andriodTest.AppiumAndroidNativeAppMobileDemo:testWithNativeApp(),javascriptEnabled:true,platformName :Android,platformName:iOS,unexpectedAlertBehaviour:ignore,autoAcceptAlerts:true,
02.29.2016 12:00:55.265,[1] SeLion-1.0.0 FINE Spawning a mobile with the following capabilitiesgit: app:/Users/bbheemanadham/ap_api/python/andriodTest/src/test/resources/apps/selendroid-test-app-0.15.0.apk,autoDismissAlerts:true,mobileNodeType:appium,language:en,locale:en_US,version:,deviceName:Android Emulator,acceptSslCerts:true,platformVersion:null,name:andriodTest.AppiumAndroidNativeAppMobileDemo:testWithNativeApp(),javascriptEnabled:true,platformName :Android,platformName:iOS,unexpectedAlertBehaviour:ignore,autoAcceptAlerts:true,
02.29.2016 12:00:55.365,[1] SeLion-1.0.0 WARNING An error occurred while processing afterInvocation: org.openqa.selenium.WebDriverException: Error forwarding the new session cannot find : Capabilities [{app=/Users/bbheemanadham/ap_api/python/andriodTest/src/test/resources/apps/selendroid-test-app-0.15.0.apk, javascriptEnabled=true, acceptSslCerts=true, locale=en_US, autoDismissAlerts=true, mobileNodeType=appium, unexpectedAlertBehaviour=ignore, version=, platformName =Android, platformVersion=null, autoAcceptAlerts=true, platformName=iOS, deviceName=Android Emulator, name=andriodTest.AppiumAndroidNativeAppMobileDemo:testWithNativeApp(), language=en}]
Command duration or timeout: 97 milliseconds
Build info: version: '2.48.2', revision: '41bccdd10cf2c0560f637404c2d96164b67d9d67', time: '2015-10-09 13:08:06'
System info: host: 'LM-AUN-00874562', ip: '127.0.0.1', os.name: 'Mac OS X', os.arch: 'x86_64', os.version: '10.11.3', java.version: '1.8.0_65'
Driver info: com.paypal.selion.platform.grid.SeLionAppiumIOSDriver
Build info: version: '2.48.2', revision: '41bccdd10cf2c0560f637404c2d96164b67d9d67', time: '2015-10-09 13:08:06'
System info: host: 'LM-AUN-00874562', ip: '127.0.0.1', os.name: 'Mac OS X', os.arch: 'x86_64', os.version: '10.11.3', java.version: '1.8.0_65'
Driver info: driver.version: unknown
org.openqa.selenium.WebDriverException: org.openqa.selenium.WebDriverException: Error forwarding the new session cannot find : Capabilities [{app=/Users/bbheemanadham/ap_api/python/andriodTest/src/test/resources/apps/selendroid-test-app-0.15.0.apk, javascriptEnabled=true, acceptSslCerts=true, locale=en_US, autoDismissAlerts=true, mobileNodeType=appium, unexpectedAlertBehaviour=ignore, version=, platformName =Android, platformVersion=null, autoAcceptAlerts=true, platformName=iOS, deviceName=Android Emulator, name=andriodTest.AppiumAndroidNativeAppMobileDemo:testWithNativeApp(), language=en}]
Command duration or timeout: 97 milliseconds
Build info: version: '2.48.2', revision: '41bccdd10cf2c0560f637404c2d96164b67d9d67', time: '2015-10-09 13:08:06'
System info: host: 'LM-AUN-00874562', ip: '127.0.0.1', os.name: 'Mac OS X', os.arch: 'x86_64', os.version: '10.11.3', java.version: '1.8.0_65'
Driver info: com.paypal.selion.platform.grid.SeLionAppiumIOSDriver
Build info: version: '2.48.2', revision: '41bccdd10cf2c0560f637404c2d96164b67d9d67', time: '2015-10-09 13:08:06'
System info: host: 'LM-AUN-00874562', ip: '127.0.0.1', os.name: 'Mac OS X', os.arch: 'x86_64', os.version: '10.11.3', java.version: '1.8.0_65'
Driver info: driver.version: unknown
	at com.paypal.selion.internal.platform.grid.browsercapabilities.MobileDriverFactory.createAppiumIOSInstance(MobileDriverFactory.java:112)
	at com.paypal.selion.internal.platform.grid.browsercapabilities.MobileDriverFactory.createInstance(MobileDriverFactory.java:74)
	at com.paypal.selion.internal.platform.grid.MobileTestSession.startSesion(MobileTestSession.java:115)
	at com.paypal.selion.platform.grid.Grid.driver(Grid.java:107)
	at com.paypal.selion.reports.runtime.SeLionReporter.log(SeLionReporter.java:182)
	at com.paypal.selion.internal.platform.grid.SeleniumGridListener.warnUserOfTestFailures(SeleniumGridListener.java:334)
	at com.paypal.selion.internal.platform.grid.SeleniumGridListener.afterInvocation(SeleniumGridListener.java:294)
	at org.testng.internal.invokers.InvokedMethodListenerInvoker$InvokeAfterInvocationWithoutContextStrategy.callMethod(InvokedMethodListenerInvoker.java:100)
	at org.testng.internal.invokers.InvokedMethodListenerInvoker.invokeListener(InvokedMethodListenerInvoker.java:62)
	at org.testng.internal.Invoker.runInvokedMethodListeners(Invoker.java:552)
	at org.testng.internal.Invoker.invokeMethod(Invoker.java:696)
	at org.testng.internal.Invoker.invokeTestMethod(Invoker.java:821)
	at org.testng.internal.Invoker.invokeTestMethods(Invoker.java:1131)
	at org.testng.internal.TestMethodWorker.invokeTestMethods(TestMethodWorker.java:124)
	at org.testng.internal.TestMethodWorker.run(TestMethodWorker.java:108)
	at org.testng.TestRunner.privateRun(TestRunner.java:773)
	at org.testng.TestRunner.run(TestRunner.java:623)
	at org.testng.SuiteRunner.runTest(SuiteRunner.java:357)
	at org.testng.SuiteRunner.runSequentially(SuiteRunner.java:352)
	at org.testng.SuiteRunner.privateRun(SuiteRunner.java:310)
	at org.testng.SuiteRunner.run(SuiteRunner.java:259)
	at org.testng.SuiteRunnerWorker.runSuite(SuiteRunnerWorker.java:52)
	at org.testng.SuiteRunnerWorker.run(SuiteRunnerWorker.java:86)
	at org.testng.TestNG.runSuitesSequentially(TestNG.java:1185)
	at org.testng.TestNG.runSuitesLocally(TestNG.java:1110)
	at org.testng.TestNG.run(TestNG.java:1018)
	at org.testng.remote.RemoteTestNG.run(RemoteTestNG.java:111)
	at org.testng.remote.RemoteTestNG.initAndRun(RemoteTestNG.java:204)
	at org.testng.remote.RemoteTestNG.main(RemoteTestNG.java:175)
Caused by: org.openqa.selenium.WebDriverException: Error forwarding the new session cannot find : Capabilities [{app=/Users/bbheemanadham/ap_api/python/andriodTest/src/test/resources/apps/selendroid-test-app-0.15.0.apk, javascriptEnabled=true, acceptSslCerts=true, locale=en_US, autoDismissAlerts=true, mobileNodeType=appium, unexpectedAlertBehaviour=ignore, version=, platformName =Android, platformVersion=null, autoAcceptAlerts=true, platformName=iOS, deviceName=Android Emulator, name=andriodTest.AppiumAndroidNativeAppMobileDemo:testWithNativeApp(), language=en}]
Command duration or timeout: 97 milliseconds
Build info: version: '2.48.2', revision: '41bccdd10cf2c0560f637404c2d96164b67d9d67', time: '2015-10-09 13:08:06'
System info: host: 'LM-AUN-00874562', ip: '127.0.0.1', os.name: 'Mac OS X', os.arch: 'x86_64', os.version: '10.11.3', java.version: '1.8.0_65'
Driver info: com.paypal.selion.platform.grid.SeLionAppiumIOSDriver
	at sun.reflect.NativeConstructorAccessorImpl.newInstance0(Native Method)
	at sun.reflect.NativeConstructorAccessorImpl.newInstance(NativeConstructorAccessorImpl.java:62)
	at sun.reflect.DelegatingConstructorAccessorImpl.newInstance(DelegatingConstructorAccessorImpl.java:45)
	at java.lang.reflect.Constructor.newInstance(Constructor.java:422)
	at org.openqa.selenium.remote.ErrorHandler.createThrowable(ErrorHandler.java:206)
	at org.openqa.selenium.remote.ErrorHandler.throwIfResponseFailed(ErrorHandler.java:158)
	at org.openqa.selenium.remote.RemoteWebDriver.execute(RemoteWebDriver.java:647)
	at io.appium.java_client.DefaultGenericMobileDriver.execute(DefaultGenericMobileDriver.java:42)
	at io.appium.java_client.AppiumDriver.execute(AppiumDriver.java:1)
	at io.appium.java_client.ios.IOSDriver.execute(IOSDriver.java:1)
	at org.openqa.selenium.remote.RemoteWebDriver.startSession(RemoteWebDriver.java:247)
	at org.openqa.selenium.remote.RemoteWebDriver.<init>(RemoteWebDriver.java:129)
	at org.openqa.selenium.remote.RemoteWebDriver.<init>(RemoteWebDriver.java:142)
	at io.appium.java_client.DefaultGenericMobileDriver.<init>(DefaultGenericMobileDriver.java:37)
	at io.appium.java_client.AppiumDriver.<init>(AppiumDriver.java:160)
	at io.appium.java_client.AppiumDriver.<init>(AppiumDriver.java:168)
	at io.appium.java_client.ios.IOSDriver.<init>(IOSDriver.java:56)
	at com.paypal.selion.platform.grid.SeLionAppiumIOSDriver.<init>(SeLionAppiumIOSDriver.java:58)
	at com.paypal.selion.internal.platform.grid.browsercapabilities.MobileDriverFactory.createAppiumIOSInstance(MobileDriverFactory.java:109)
	... 28 more
Caused by: org.openqa.grid.common.exception.GridException: Error forwarding the new session cannot find : Capabilities [{app=/Users/bbheemanadham/ap_api/python/andriodTest/src/test/resources/apps/selendroid-test-app-0.15.0.apk, javascriptEnabled=true, acceptSslCerts=true, locale=en_US, autoDismissAlerts=true, mobileNodeType=appium, unexpectedAlertBehaviour=ignore, version=, platformName =Android, platformVersion=null, autoAcceptAlerts=true, platformName=iOS, deviceName=Android Emulator, name=andriodTest.AppiumAndroidNativeAppMobileDemo:testWithNativeApp(), language=en}]
	at org.openqa.grid.web.servlet.handler.RequestHandler.process(RequestHandler.java:115)
	at org.openqa.grid.web.servlet.DriverServlet.process(DriverServlet.java:83)
	at org.openqa.grid.web.servlet.DriverServlet.doPost(DriverServlet.java:67)
	at javax.servlet.http.HttpServlet.service(HttpServlet.java:707)
	at javax.servlet.http.HttpServlet.service(HttpServlet.java:790)
	at org.seleniumhq.jetty9.servlet.ServletHolder.handle(ServletHolder.java:808)
	at org.seleniumhq.jetty9.servlet.ServletHandler.doHandle(ServletHandler.java:587)
	at org.seleniumhq.jetty9.server.session.SessionHandler.doHandle(SessionHandler.java:221)
	at org.seleniumhq.jetty9.server.handler.ContextHandler.doHandle(ContextHandler.java:1127)
	at org.seleniumhq.jetty9.servlet.ServletHandler.doScope(ServletHandler.java:515)
	at org.seleniumhq.jetty9.server.session.SessionHandler.doScope(SessionHandler.java:185)
	at org.seleniumhq.jetty9.server.handler.ContextHandler.doScope(ContextHandler.java:1061)
	at org.seleniumhq.jetty9.server.handler.ScopedHandler.handle(ScopedHandler.java:141)
	at org.seleniumhq.jetty9.server.handler.HandlerWrapper.handle(HandlerWrapper.java:97)
	at org.seleniumhq.jetty9.server.Server.handle(Server.java:499)
	at org.seleniumhq.jetty9.server.HttpChannel.handle(HttpChannel.java:310)
	at org.seleniumhq.jetty9.server.HttpConnection.onFillable(HttpConnection.java:257)
	at org.seleniumhq.jetty9.io.AbstractConnection$2.run(AbstractConnection.java:540)
	at org.seleniumhq.jetty9.util.thread.QueuedThreadPool.runJob(QueuedThreadPool.java:635)
	at org.seleniumhq.jetty9.util.thread.QueuedThreadPool$3.run(QueuedThreadPool.java:555)
	at java.lang.Thread.run(Thread.java:744)
02.29.2016 12:02:09.216,[1] SeLion-1.0.0 INFO Runtime Report : /Users/bbheemanadham/ap_api/python/andriodTest/test-output/RuntimeReporter/index.html
02.29.2016 12:02:09.286,[1] SeLion-1.0.0 INFO JDK Information: Java HotSpot(TM) 64-Bit Server VM from Oracle Corporation ver. 1.8.0_65
02.29.2016 12:02:09.406,[1] SeLion-1.0.0 FINE Spawning a mobile with the following capabilitiesgit: app:/Users/bbheemanadham/ap_api/python/andriodTest/src/test/resources/apps/selendroid-test-app-0.15.0.apk,autoDismissAlerts:true,mobileNodeType:appium,language:en,locale:en_US,version:,deviceName:Android Emulator,acceptSslCerts:true,platformVersion:6.0,name:andriodTest.AppiumAndroidNativeAppMobileDemo:testWithNativeApp(),javascriptEnabled:true,platformName :Android,platformName:ANDROID,unexpectedAlertBehaviour:ignore,autoAcceptAlerts:true,
02.29.2016 12:02:10.833,[1] SeLion-1.0.0 FINE Spawning a mobile with the following capabilitiesgit: app:/Users/bbheemanadham/ap_api/python/andriodTest/src/test/resources/apps/selendroid-test-app-0.15.0.apk,autoDismissAlerts:true,mobileNodeType:appium,language:en,locale:en_US,version:,deviceName:Android Emulator,acceptSslCerts:true,platformVersion:6.0,name:andriodTest.AppiumAndroidNativeAppMobileDemo:testWithNativeApp(),javascriptEnabled:true,platformName :Android,platformName:ANDROID,unexpectedAlertBehaviour:ignore,autoAcceptAlerts:true,
02.29.2016 12:02:10.903,[1] SeLion-1.0.0 WARNING An error occurred while processing afterInvocation: org.openqa.selenium.WebDriverException: Error forwarding the new session cannot find : Capabilities [{app=/Users/bbheemanadham/ap_api/python/andriodTest/src/test/resources/apps/selendroid-test-app-0.15.0.apk, javascriptEnabled=true, acceptSslCerts=true, locale=en_US, autoDismissAlerts=true, mobileNodeType=appium, unexpectedAlertBehaviour=ignore, version=, platformName =Android, platformVersion=6.0, autoAcceptAlerts=true, platformName=Android, deviceName=Android Emulator, name=andriodTest.AppiumAndroidNativeAppMobileDemo:testWithNativeApp(), language=en}]
Command duration or timeout: 68 milliseconds
Build info: version: '2.48.2', revision: '41bccdd10cf2c0560f637404c2d96164b67d9d67', time: '2015-10-09 13:08:06'
System info: host: 'LM-AUN-00874562', ip: '127.0.0.1', os.name: 'Mac OS X', os.arch: 'x86_64', os.version: '10.11.3', java.version: '1.8.0_65'
Driver info: com.paypal.selion.platform.grid.SeLionAppiumAndroidDriver
Build info: version: '2.48.2', revision: '41bccdd10cf2c0560f637404c2d96164b67d9d67', time: '2015-10-09 13:08:06'
System info: host: 'LM-AUN-00874562', ip: '127.0.0.1', os.name: 'Mac OS X', os.arch: 'x86_64', os.version: '10.11.3', java.version: '1.8.0_65'
Driver info: driver.version: unknown
org.openqa.selenium.WebDriverException: org.openqa.selenium.WebDriverException: Error forwarding the new session cannot find : Capabilities [{app=/Users/bbheemanadham/ap_api/python/andriodTest/src/test/resources/apps/selendroid-test-app-0.15.0.apk, javascriptEnabled=true, acceptSslCerts=true, locale=en_US, autoDismissAlerts=true, mobileNodeType=appium, unexpectedAlertBehaviour=ignore, version=, platformName =Android, platformVersion=6.0, autoAcceptAlerts=true, platformName=Android, deviceName=Android Emulator, name=andriodTest.AppiumAndroidNativeAppMobileDemo:testWithNativeApp(), language=en}]
Command duration or timeout: 68 milliseconds
Build info: version: '2.48.2', revision: '41bccdd10cf2c0560f637404c2d96164b67d9d67', time: '2015-10-09 13:08:06'
System info: host: 'LM-AUN-00874562', ip: '127.0.0.1', os.name: 'Mac OS X', os.arch: 'x86_64', os.version: '10.11.3', java.version: '1.8.0_65'
Driver info: com.paypal.selion.platform.grid.SeLionAppiumAndroidDriver
Build info: version: '2.48.2', revision: '41bccdd10cf2c0560f637404c2d96164b67d9d67', time: '2015-10-09 13:08:06'
System info: host: 'LM-AUN-00874562', ip: '127.0.0.1', os.name: 'Mac OS X', os.arch: 'x86_64', os.version: '10.11.3', java.version: '1.8.0_65'
Driver info: driver.version: unknown
	at com.paypal.selion.internal.platform.grid.browsercapabilities.MobileDriverFactory.createAppiumAndroidInstance(MobileDriverFactory.java:97)
	at com.paypal.selion.internal.platform.grid.browsercapabilities.MobileDriverFactory.createInstance(MobileDriverFactory.java:71)
	at com.paypal.selion.internal.platform.grid.MobileTestSession.startSesion(MobileTestSession.java:115)
	at com.paypal.selion.platform.grid.Grid.driver(Grid.java:107)
	at com.paypal.selion.reports.runtime.SeLionReporter.log(SeLionReporter.java:182)
	at com.paypal.selion.internal.platform.grid.SeleniumGridListener.warnUserOfTestFailures(SeleniumGridListener.java:334)
	at com.paypal.selion.internal.platform.grid.SeleniumGridListener.afterInvocation(SeleniumGridListener.java:294)
	at org.testng.internal.invokers.InvokedMethodListenerInvoker$InvokeAfterInvocationWithoutContextStrategy.callMethod(InvokedMethodListenerInvoker.java:100)
	at org.testng.internal.invokers.InvokedMethodListenerInvoker.invokeListener(InvokedMethodListenerInvoker.java:62)
	at org.testng.internal.Invoker.runInvokedMethodListeners(Invoker.java:552)
	at org.testng.internal.Invoker.invokeMethod(Invoker.java:696)
	at org.testng.internal.Invoker.invokeTestMethod(Invoker.java:821)
	at org.testng.internal.Invoker.invokeTestMethods(Invoker.java:1131)
	at org.testng.internal.TestMethodWorker.invokeTestMethods(TestMethodWorker.java:124)
	at org.testng.internal.TestMethodWorker.run(TestMethodWorker.java:108)
	at org.testng.TestRunner.privateRun(TestRunner.java:773)
	at org.testng.TestRunner.run(TestRunner.java:623)
	at org.testng.SuiteRunner.runTest(SuiteRunner.java:357)
	at org.testng.SuiteRunner.runSequentially(SuiteRunner.java:352)
	at org.testng.SuiteRunner.privateRun(SuiteRunner.java:310)
	at org.testng.SuiteRunner.run(SuiteRunner.java:259)
	at org.testng.SuiteRunnerWorker.runSuite(SuiteRunnerWorker.java:52)
	at org.testng.SuiteRunnerWorker.run(SuiteRunnerWorker.java:86)
	at org.testng.TestNG.runSuitesSequentially(TestNG.java:1185)
	at org.testng.TestNG.runSuitesLocally(TestNG.java:1110)
	at org.testng.TestNG.run(TestNG.java:1018)
	at org.testng.remote.RemoteTestNG.run(RemoteTestNG.java:111)
	at org.testng.remote.RemoteTestNG.initAndRun(RemoteTestNG.java:204)
	at org.testng.remote.RemoteTestNG.main(RemoteTestNG.java:175)
Caused by: org.openqa.selenium.WebDriverException: Error forwarding the new session cannot find : Capabilities [{app=/Users/bbheemanadham/ap_api/python/andriodTest/src/test/resources/apps/selendroid-test-app-0.15.0.apk, javascriptEnabled=true, acceptSslCerts=true, locale=en_US, autoDismissAlerts=true, mobileNodeType=appium, unexpectedAlertBehaviour=ignore, version=, platformName =Android, platformVersion=6.0, autoAcceptAlerts=true, platformName=Android, deviceName=Android Emulator, name=andriodTest.AppiumAndroidNativeAppMobileDemo:testWithNativeApp(), language=en}]
Command duration or timeout: 68 milliseconds
Build info: version: '2.48.2', revision: '41bccdd10cf2c0560f637404c2d96164b67d9d67', time: '2015-10-09 13:08:06'
System info: host: 'LM-AUN-00874562', ip: '127.0.0.1', os.name: 'Mac OS X', os.arch: 'x86_64', os.version: '10.11.3', java.version: '1.8.0_65'
Driver info: com.paypal.selion.platform.grid.SeLionAppiumAndroidDriver
	at sun.reflect.NativeConstructorAccessorImpl.newInstance0(Native Method)
	at sun.reflect.NativeConstructorAccessorImpl.newInstance(NativeConstructorAccessorImpl.java:62)
	at sun.reflect.DelegatingConstructorAccessorImpl.newInstance(DelegatingConstructorAccessorImpl.java:45)
	at java.lang.reflect.Constructor.newInstance(Constructor.java:422)
	at org.openqa.selenium.remote.ErrorHandler.createThrowable(ErrorHandler.java:206)
	at org.openqa.selenium.remote.ErrorHandler.throwIfResponseFailed(ErrorHandler.java:158)
	at org.openqa.selenium.remote.RemoteWebDriver.execute(RemoteWebDriver.java:647)
	at io.appium.java_client.DefaultGenericMobileDriver.execute(DefaultGenericMobileDriver.java:42)
	at io.appium.java_client.AppiumDriver.execute(AppiumDriver.java:1)
	at io.appium.java_client.android.AndroidDriver.execute(AndroidDriver.java:1)
	at org.openqa.selenium.remote.RemoteWebDriver.startSession(RemoteWebDriver.java:247)
	at org.openqa.selenium.remote.RemoteWebDriver.<init>(RemoteWebDriver.java:129)
	at org.openqa.selenium.remote.RemoteWebDriver.<init>(RemoteWebDriver.java:142)
	at io.appium.java_client.DefaultGenericMobileDriver.<init>(DefaultGenericMobileDriver.java:37)
	at io.appium.java_client.AppiumDriver.<init>(AppiumDriver.java:160)
	at io.appium.java_client.AppiumDriver.<init>(AppiumDriver.java:168)
	at io.appium.java_client.android.AndroidDriver.<init>(AndroidDriver.java:69)
	at com.paypal.selion.platform.grid.SeLionAppiumAndroidDriver.<init>(SeLionAppiumAndroidDriver.java:45)
	at com.paypal.selion.internal.platform.grid.browsercapabilities.MobileDriverFactory.createAppiumAndroidInstance(MobileDriverFactory.java:94)
	... 28 more
Caused by: org.openqa.grid.common.exception.GridException: Error forwarding the new session cannot find : Capabilities [{app=/Users/bbheemanadham/ap_api/python/andriodTest/src/test/resources/apps/selendroid-test-app-0.15.0.apk, javascriptEnabled=true, acceptSslCerts=true, locale=en_US, autoDismissAlerts=true, mobileNodeType=appium, unexpectedAlertBehaviour=ignore, version=, platformName =Android, platformVersion=6.0, autoAcceptAlerts=true, platformName=Android, deviceName=Android Emulator, name=andriodTest.AppiumAndroidNativeAppMobileDemo:testWithNativeApp(), language=en}]
	at org.openqa.grid.web.servlet.handler.RequestHandler.process(RequestHandler.java:115)
	at org.openqa.grid.web.servlet.DriverServlet.process(DriverServlet.java:83)
	at org.openqa.grid.web.servlet.DriverServlet.doPost(DriverServlet.java:67)
	at javax.servlet.http.HttpServlet.service(HttpServlet.java:707)
	at javax.servlet.http.HttpServlet.service(HttpServlet.java:790)
	at org.seleniumhq.jetty9.servlet.ServletHolder.handle(ServletHolder.java:808)
	at org.seleniumhq.jetty9.servlet.ServletHandler.doHandle(ServletHandler.java:587)
	at org.seleniumhq.jetty9.server.session.SessionHandler.doHandle(SessionHandler.java:221)
	at org.seleniumhq.jetty9.server.handler.ContextHandler.doHandle(ContextHandler.java:1127)
	at org.seleniumhq.jetty9.servlet.ServletHandler.doScope(ServletHandler.java:515)
	at org.seleniumhq.jetty9.server.session.SessionHandler.doScope(SessionHandler.java:185)
	at org.seleniumhq.jetty9.server.handler.ContextHandler.doScope(ContextHandler.java:1061)
	at org.seleniumhq.jetty9.server.handler.ScopedHandler.handle(ScopedHandler.java:141)
	at org.seleniumhq.jetty9.server.handler.HandlerWrapper.handle(HandlerWrapper.java:97)
	at org.seleniumhq.jetty9.server.Server.handle(Server.java:499)
	at org.seleniumhq.jetty9.server.HttpChannel.handle(HttpChannel.java:310)
	at org.seleniumhq.jetty9.server.HttpConnection.onFillable(HttpConnection.java:257)
	at org.seleniumhq.jetty9.io.AbstractConnection$2.run(AbstractConnection.java:540)
	at org.seleniumhq.jetty9.util.thread.QueuedThreadPool.runJob(QueuedThreadPool.java:635)
	at org.seleniumhq.jetty9.util.thread.QueuedThreadPool$3.run(QueuedThreadPool.java:555)
	at java.lang.Thread.run(Thread.java:744)
